config is !!!!!!
GPT2Config {
  "activation_function": "gelu_new",
  "architectures": [
    "GPT2LMHeadModel"
  ],
  "attn_pdrop": 0.1,
  "block_ratio": 0.0625,
  "bos_token_id": 50256,
  "embd_pdrop": 0.1,
  "eos_token_id": 50256,
  "flash_attention": false,
  "initializer_range": 0.02,
  "layer_norm_epsilon": 1e-05,
  "model_type": "gpt2",
  "n_ctx": 2048,
  "n_embd": 1600,
  "n_head": 25,
  "n_inner": null,
  "n_layer": 48,
  "n_positions": 2048,
  "output_past": true,
  "reorder_and_upcast_attn": false,
  "resid_pdrop": 0.1,
  "scale_attn_by_inverse_layer_idx": false,
  "scale_attn_weights": true,
  "summary_activation": null,
  "summary_first_dropout": 0.1,
  "summary_proj_to_labels": true,
  "summary_type": "cls_index",
  "summary_use_proj": true,
  "task_specific_params": {
    "text-generation": {
      "do_sample": true,
      "max_length": 50
    }
  },
  "transformers_version": "4.42.4",
  "use_cache": true,
  "vocab_size": 50257
}

skip transformer.h.0.attn.bias
skip transformer.h.1.attn.bias
skip transformer.h.2.attn.bias
skip transformer.h.3.attn.bias
skip transformer.h.4.attn.bias
skip transformer.h.5.attn.bias
skip transformer.h.6.attn.bias
skip transformer.h.7.attn.bias
skip transformer.h.8.attn.bias
skip transformer.h.9.attn.bias
skip transformer.h.10.attn.bias
skip transformer.h.11.attn.bias
skip transformer.h.12.attn.bias
skip transformer.h.13.attn.bias
skip transformer.h.14.attn.bias
skip transformer.h.15.attn.bias
skip transformer.h.16.attn.bias
skip transformer.h.17.attn.bias
skip transformer.h.18.attn.bias
skip transformer.h.19.attn.bias
skip transformer.h.20.attn.bias
skip transformer.h.21.attn.bias
skip transformer.h.22.attn.bias
skip transformer.h.23.attn.bias
skip transformer.h.24.attn.bias
skip transformer.h.25.attn.bias
skip transformer.h.26.attn.bias
skip transformer.h.27.attn.bias
skip transformer.h.28.attn.bias
skip transformer.h.29.attn.bias
skip transformer.h.30.attn.bias
skip transformer.h.31.attn.bias
skip transformer.h.32.attn.bias
skip transformer.h.33.attn.bias
skip transformer.h.34.attn.bias
skip transformer.h.35.attn.bias
skip transformer.h.36.attn.bias
skip transformer.h.37.attn.bias
skip transformer.h.38.attn.bias
skip transformer.h.39.attn.bias
skip transformer.h.40.attn.bias
skip transformer.h.41.attn.bias
skip transformer.h.42.attn.bias
skip transformer.h.43.attn.bias
skip transformer.h.44.attn.bias
skip transformer.h.45.attn.bias
skip transformer.h.46.attn.bias
skip transformer.h.47.attn.bias
model name: gpt2_xl
torch.Size([2048, 1600])
GPT2LMHeadModel(
  (transformer): GPT2Model(
    (wte): Embedding(50257, 1600)
    (wpe): Embedding(2048, 1600)
    (drop): Dropout(p=0.1, inplace=False)
    (h): ModuleList(
      (0-47): 48 x GPT2Block(
        (ln_1): LayerNorm((1600,), eps=1e-05, elementwise_affine=True)
        (attn): GPT2Attention(
          (c_attn): Conv1D()
          (c_proj): Conv1D()
          (attn_dropout): Dropout(p=0.1, inplace=False)
          (resid_dropout): Dropout(p=0.1, inplace=False)
        )
        (ln_2): LayerNorm((1600,), eps=1e-05, elementwise_affine=True)
        (mlp): GPT2MLP(
          (c_fc): Conv1D()
          (c_proj): Conv1D()
          (act): NewGELUActivation()
          (dropout): Dropout(p=0.1, inplace=False)
        )
      )
    )
    (ln_f): LayerNorm((1600,), eps=1e-05, elementwise_affine=True)
  )
  (lm_head): Linear(in_features=1600, out_features=50257, bias=False)
)
DatasetDict({
    train: Dataset({
        features: ['short_book_title', 'publication_date', 'input_ids'],
        num_rows: 2999
    })
    validation: Dataset({
        features: ['short_book_title', 'publication_date', 'input_ids'],
        num_rows: 149
    })
})
[2024-08-30 07:35:29,659] [INFO] [real_accelerator.py:203:get_accelerator] Setting ds_accelerator to cuda (auto detect)
[93m [WARNING] [0m async_io requires the dev libaio .so object and headers but these were not found.
[93m [WARNING] [0m async_io: please install the libaio-dev package with apt
[93m [WARNING] [0m If libaio is already installed (perhaps from source), try setting the CFLAGS and LDFLAGS environment variables to where it can be found.
[93m [WARNING] [0m Please specify the CUTLASS repo directory as environment variable $CUTLASS_PATH
[93m [WARNING] [0m sparse_attn requires a torch version >= 1.5 and < 2.0 but detected 2.0
[93m [WARNING] [0m using untested triton version (2.0.0), only 1.0.0 is known to be compatible
{'loss': 8.9589, 'grad_norm': 2.1470072269439697, 'learning_rate': 1.0000000000000002e-06, 'epoch': 0.0}
{'loss': 9.0188, 'grad_norm': 2.4457390308380127, 'learning_rate': 2.0000000000000003e-06, 'epoch': 0.0}
{'loss': 9.1718, 'grad_norm': 2.2826924324035645, 'learning_rate': 3e-06, 'epoch': 0.0}
{'loss': 9.3803, 'grad_norm': 2.448439836502075, 'learning_rate': 4.000000000000001e-06, 'epoch': 0.0}
{'loss': 8.9108, 'grad_norm': 2.367368698120117, 'learning_rate': 5e-06, 'epoch': 0.0}
{'loss': 8.8699, 'grad_norm': 2.7713265419006348, 'learning_rate': 6e-06, 'epoch': 0.0}
{'loss': 8.9456, 'grad_norm': 2.169851541519165, 'learning_rate': 7e-06, 'epoch': 0.0}
{'loss': 8.7951, 'grad_norm': 2.524129867553711, 'learning_rate': 8.000000000000001e-06, 'epoch': 0.0}
{'loss': 8.9102, 'grad_norm': 2.119044542312622, 'learning_rate': 9e-06, 'epoch': 0.0}
{'loss': 8.8486, 'grad_norm': 2.125614643096924, 'learning_rate': 1e-05, 'epoch': 0.0}
{'loss': 8.7603, 'grad_norm': 2.4383838176727295, 'learning_rate': 1.1000000000000001e-05, 'epoch': 0.0}
{'loss': 8.6763, 'grad_norm': 2.2214114665985107, 'learning_rate': 1.2e-05, 'epoch': 0.0}
{'loss': 8.2866, 'grad_norm': 2.6086924076080322, 'learning_rate': 1.3000000000000001e-05, 'epoch': 0.0}
{'loss': 8.6604, 'grad_norm': 2.1117496490478516, 'learning_rate': 1.4e-05, 'epoch': 0.0}
{'loss': 8.8393, 'grad_norm': 2.731302261352539, 'learning_rate': 1.5000000000000002e-05, 'epoch': 0.01}
{'loss': 8.8854, 'grad_norm': 2.4723877906799316, 'learning_rate': 1.6000000000000003e-05, 'epoch': 0.01}
{'loss': 8.8146, 'grad_norm': 2.2894794940948486, 'learning_rate': 1.7e-05, 'epoch': 0.01}
{'loss': 9.2019, 'grad_norm': 2.402819871902466, 'learning_rate': 1.8e-05, 'epoch': 0.01}
{'loss': 8.8902, 'grad_norm': 2.167994499206543, 'learning_rate': 1.9e-05, 'epoch': 0.01}
{'loss': 8.7375, 'grad_norm': 2.8279736042022705, 'learning_rate': 2e-05, 'epoch': 0.01}
{'loss': 8.8261, 'grad_norm': 2.583216428756714, 'learning_rate': 2e-05, 'epoch': 0.01}
{'loss': 8.6376, 'grad_norm': 3.0870940685272217, 'learning_rate': 2e-05, 'epoch': 0.01}
{'loss': 8.4834, 'grad_norm': 2.3413615226745605, 'learning_rate': 2e-05, 'epoch': 0.01}
{'loss': 8.6303, 'grad_norm': 2.9443750381469727, 'learning_rate': 2e-05, 'epoch': 0.01}
{'loss': 8.6138, 'grad_norm': 2.804074287414551, 'learning_rate': 2e-05, 'epoch': 0.01}
{'loss': 8.5721, 'grad_norm': 2.094373941421509, 'learning_rate': 2e-05, 'epoch': 0.01}
{'loss': 8.0081, 'grad_norm': 2.685542583465576, 'learning_rate': 2e-05, 'epoch': 0.01}
{'loss': 8.6163, 'grad_norm': 2.176332473754883, 'learning_rate': 2e-05, 'epoch': 0.01}
{'loss': 8.5972, 'grad_norm': 11.024567604064941, 'learning_rate': 2e-05, 'epoch': 0.01}
{'loss': 8.5418, 'grad_norm': 2.225550413131714, 'learning_rate': 2e-05, 'epoch': 0.01}
{'loss': 8.3715, 'grad_norm': 2.2565598487854004, 'learning_rate': 2e-05, 'epoch': 0.01}
{'loss': 8.5017, 'grad_norm': 8.878840446472168, 'learning_rate': 2e-05, 'epoch': 0.01}
{'loss': 8.3371, 'grad_norm': 2.6425535678863525, 'learning_rate': 2e-05, 'epoch': 0.01}
{'loss': 8.3128, 'grad_norm': 2.4627573490142822, 'learning_rate': 2e-05, 'epoch': 0.01}
{'loss': 8.3457, 'grad_norm': 2.927670955657959, 'learning_rate': 2e-05, 'epoch': 0.01}
{'loss': 8.295, 'grad_norm': 2.850501775741577, 'learning_rate': 2e-05, 'epoch': 0.01}
{'loss': 8.1205, 'grad_norm': 2.6689107418060303, 'learning_rate': 2e-05, 'epoch': 0.01}
{'loss': 8.1976, 'grad_norm': 2.748882532119751, 'learning_rate': 2e-05, 'epoch': 0.01}
{'loss': 7.7686, 'grad_norm': 3.1610190868377686, 'learning_rate': 2e-05, 'epoch': 0.01}
{'loss': 8.2226, 'grad_norm': 2.292679786682129, 'learning_rate': 2e-05, 'epoch': 0.01}
{'loss': 8.1677, 'grad_norm': 2.5546815395355225, 'learning_rate': 2e-05, 'epoch': 0.01}
{'loss': 8.1096, 'grad_norm': 2.465087413787842, 'learning_rate': 2e-05, 'epoch': 0.01}
{'loss': 8.4179, 'grad_norm': 3.401057004928589, 'learning_rate': 2e-05, 'epoch': 0.01}
{'loss': 7.3658, 'grad_norm': 3.1446762084960938, 'learning_rate': 2e-05, 'epoch': 0.01}
{'loss': 7.7553, 'grad_norm': 2.5443291664123535, 'learning_rate': 2e-05, 'epoch': 0.02}
{'loss': 7.7817, 'grad_norm': 2.784261465072632, 'learning_rate': 2e-05, 'epoch': 0.02}
{'loss': 7.5344, 'grad_norm': 2.488004684448242, 'learning_rate': 2e-05, 'epoch': 0.02}
{'loss': 7.5871, 'grad_norm': 2.656949043273926, 'learning_rate': 2e-05, 'epoch': 0.02}
{'loss': 8.1363, 'grad_norm': 3.2213642597198486, 'learning_rate': 2e-05, 'epoch': 0.02}
{'loss': 7.3799, 'grad_norm': 2.927884101867676, 'learning_rate': 2e-05, 'epoch': 0.02}
{'loss': 7.427, 'grad_norm': 2.7387704849243164, 'learning_rate': 2e-05, 'epoch': 0.02}
{'loss': 7.2172, 'grad_norm': 3.3192527294158936, 'learning_rate': 2e-05, 'epoch': 0.02}
{'loss': 7.2296, 'grad_norm': 2.783344030380249, 'learning_rate': 2e-05, 'epoch': 0.02}
{'loss': 7.1801, 'grad_norm': 2.776682138442993, 'learning_rate': 2e-05, 'epoch': 0.02}
{'loss': 7.1074, 'grad_norm': 3.3137476444244385, 'learning_rate': 2e-05, 'epoch': 0.02}
{'loss': 6.8038, 'grad_norm': 3.8492517471313477, 'learning_rate': 2e-05, 'epoch': 0.02}
{'loss': 6.8884, 'grad_norm': 3.1400845050811768, 'learning_rate': 2e-05, 'epoch': 0.02}
{'loss': 6.8735, 'grad_norm': 3.304537057876587, 'learning_rate': 2e-05, 'epoch': 0.02}
{'loss': 6.7549, 'grad_norm': 3.0217278003692627, 'learning_rate': 2e-05, 'epoch': 0.02}
{'loss': 6.691, 'grad_norm': 3.0827221870422363, 'learning_rate': 2e-05, 'epoch': 0.02}
{'loss': 6.6386, 'grad_norm': 3.1087894439697266, 'learning_rate': 2e-05, 'epoch': 0.02}
{'loss': 6.9363, 'grad_norm': 4.059811115264893, 'learning_rate': 2e-05, 'epoch': 0.02}
{'loss': 6.0627, 'grad_norm': 3.7633330821990967, 'learning_rate': 2e-05, 'epoch': 0.02}
{'loss': 6.3852, 'grad_norm': 4.309535503387451, 'learning_rate': 2e-05, 'epoch': 0.02}
{'loss': 6.2886, 'grad_norm': 3.138481616973877, 'learning_rate': 2e-05, 'epoch': 0.02}
{'loss': 6.1527, 'grad_norm': 3.125199794769287, 'learning_rate': 2e-05, 'epoch': 0.02}
{'loss': 6.056, 'grad_norm': 3.650334358215332, 'learning_rate': 2e-05, 'epoch': 0.02}
{'loss': 5.9692, 'grad_norm': 4.218054294586182, 'learning_rate': 2e-05, 'epoch': 0.02}
{'loss': 5.8908, 'grad_norm': 3.023045301437378, 'learning_rate': 2e-05, 'epoch': 0.02}
{'loss': 6.3976, 'grad_norm': 3.6009678840637207, 'learning_rate': 2e-05, 'epoch': 0.02}
{'loss': 5.6374, 'grad_norm': 2.888482093811035, 'learning_rate': 2e-05, 'epoch': 0.02}
{'loss': 5.5573, 'grad_norm': 3.477611541748047, 'learning_rate': 2e-05, 'epoch': 0.02}
{'loss': 5.6401, 'grad_norm': 3.501805067062378, 'learning_rate': 2e-05, 'epoch': 0.02}
{'loss': 5.8015, 'grad_norm': 4.060663223266602, 'learning_rate': 2e-05, 'epoch': 0.02}
{'loss': 5.3606, 'grad_norm': 5.445705413818359, 'learning_rate': 2e-05, 'epoch': 0.03}
{'loss': 5.3306, 'grad_norm': 2.8596301078796387, 'learning_rate': 2e-05, 'epoch': 0.03}
{'loss': 5.2566, 'grad_norm': 2.809072256088257, 'learning_rate': 2e-05, 'epoch': 0.03}
{'loss': 5.3243, 'grad_norm': 3.2891619205474854, 'learning_rate': 2e-05, 'epoch': 0.03}
{'loss': 5.083, 'grad_norm': 2.666260004043579, 'learning_rate': 2e-05, 'epoch': 0.03}
{'loss': 5.2382, 'grad_norm': 2.9180092811584473, 'learning_rate': 2e-05, 'epoch': 0.03}
{'loss': 5.2246, 'grad_norm': 2.7419350147247314, 'learning_rate': 2e-05, 'epoch': 0.03}
{'loss': 4.9558, 'grad_norm': 2.658276319503784, 'learning_rate': 2e-05, 'epoch': 0.03}
{'loss': 5.0847, 'grad_norm': 2.9590706825256348, 'learning_rate': 2e-05, 'epoch': 0.03}
{'loss': 4.7178, 'grad_norm': 2.6681580543518066, 'learning_rate': 2e-05, 'epoch': 0.03}
{'loss': 4.4671, 'grad_norm': 2.709503173828125, 'learning_rate': 2e-05, 'epoch': 0.03}
{'loss': 4.7287, 'grad_norm': 3.3697378635406494, 'learning_rate': 2e-05, 'epoch': 0.03}
{'loss': 4.7271, 'grad_norm': 2.3642191886901855, 'learning_rate': 2e-05, 'epoch': 0.03}
{'loss': 4.5251, 'grad_norm': 2.275162935256958, 'learning_rate': 2e-05, 'epoch': 0.03}
{'loss': 4.6965, 'grad_norm': 2.6207122802734375, 'learning_rate': 2e-05, 'epoch': 0.03}
{'loss': 4.482, 'grad_norm': 2.8104724884033203, 'learning_rate': 2e-05, 'epoch': 0.03}
{'loss': 4.4229, 'grad_norm': 2.454472541809082, 'learning_rate': 2e-05, 'epoch': 0.03}
{'loss': 4.12, 'grad_norm': 2.251322031021118, 'learning_rate': 2e-05, 'epoch': 0.03}
{'loss': 4.4409, 'grad_norm': 2.0556468963623047, 'learning_rate': 2e-05, 'epoch': 0.03}
{'loss': 4.3703, 'grad_norm': 2.2357959747314453, 'learning_rate': 2e-05, 'epoch': 0.03}
{'loss': 4.1788, 'grad_norm': 2.6230905055999756, 'learning_rate': 2e-05, 'epoch': 0.03}
{'loss': 4.2599, 'grad_norm': 1.9802542924880981, 'learning_rate': 2e-05, 'epoch': 0.03}
{'loss': 4.0809, 'grad_norm': 1.667234182357788, 'learning_rate': 2e-05, 'epoch': 0.03}
{'loss': 4.3606, 'grad_norm': 1.7503217458724976, 'learning_rate': 2e-05, 'epoch': 0.03}
{'loss': 3.7887, 'grad_norm': 2.592827796936035, 'learning_rate': 2e-05, 'epoch': 0.03}
{'loss': 4.141, 'grad_norm': 1.9316744804382324, 'learning_rate': 2e-05, 'epoch': 0.03}
{'loss': 4.2313, 'grad_norm': 1.950652837753296, 'learning_rate': 2e-05, 'epoch': 0.03}
{'loss': 4.1158, 'grad_norm': 2.0717198848724365, 'learning_rate': 2e-05, 'epoch': 0.03}
{'loss': 4.0641, 'grad_norm': 2.2493793964385986, 'learning_rate': 2e-05, 'epoch': 0.03}
{'loss': 3.6249, 'grad_norm': 1.3866782188415527, 'learning_rate': 2e-05, 'epoch': 0.03}
{'loss': 4.1301, 'grad_norm': 1.8808257579803467, 'learning_rate': 2e-05, 'epoch': 0.04}
{'loss': 3.8821, 'grad_norm': 2.0585200786590576, 'learning_rate': 2e-05, 'epoch': 0.04}
{'loss': 4.1251, 'grad_norm': 2.4008677005767822, 'learning_rate': 2e-05, 'epoch': 0.04}
{'loss': 4.0918, 'grad_norm': 5.640572547912598, 'learning_rate': 2e-05, 'epoch': 0.04}
{'loss': 3.8623, 'grad_norm': 2.643049716949463, 'learning_rate': 2e-05, 'epoch': 0.04}
{'loss': 3.9309, 'grad_norm': 3.775773286819458, 'learning_rate': 2e-05, 'epoch': 0.04}
{'loss': 3.8204, 'grad_norm': 12.510771751403809, 'learning_rate': 2e-05, 'epoch': 0.04}
{'loss': 3.8374, 'grad_norm': 3.2625770568847656, 'learning_rate': 2e-05, 'epoch': 0.04}
{'loss': 3.525, 'grad_norm': 2.7966461181640625, 'learning_rate': 2e-05, 'epoch': 0.04}
{'loss': 3.6618, 'grad_norm': 4.682779788970947, 'learning_rate': 2e-05, 'epoch': 0.04}
{'loss': 3.5792, 'grad_norm': 6.077801704406738, 'learning_rate': 2e-05, 'epoch': 0.04}
{'loss': 3.5314, 'grad_norm': 32.64813232421875, 'learning_rate': 2e-05, 'epoch': 0.04}
{'loss': 3.626, 'grad_norm': 12.147722244262695, 'learning_rate': 2e-05, 'epoch': 0.04}
{'loss': 3.6219, 'grad_norm': 21.427064895629883, 'learning_rate': 2e-05, 'epoch': 0.04}
{'loss': 3.4564, 'grad_norm': 17.162052154541016, 'learning_rate': 2e-05, 'epoch': 0.04}
{'loss': 3.8083, 'grad_norm': 14.104804992675781, 'learning_rate': 2e-05, 'epoch': 0.04}
{'loss': 3.6692, 'grad_norm': 17.147533416748047, 'learning_rate': 2e-05, 'epoch': 0.04}
{'loss': 3.6195, 'grad_norm': 104.28160858154297, 'learning_rate': 2e-05, 'epoch': 0.04}
{'loss': 3.5086, 'grad_norm': 8.75019359588623, 'learning_rate': 2e-05, 'epoch': 0.04}
{'loss': 3.6549, 'grad_norm': 48.025875091552734, 'learning_rate': 2e-05, 'epoch': 0.04}
{'loss': 3.57, 'grad_norm': 12.058277130126953, 'learning_rate': 2e-05, 'epoch': 0.04}
{'loss': 3.595, 'grad_norm': 32.54049301147461, 'learning_rate': 2e-05, 'epoch': 0.04}
{'loss': 3.4131, 'grad_norm': 6.582325458526611, 'learning_rate': 2e-05, 'epoch': 0.04}
{'loss': 3.388, 'grad_norm': 16.91522979736328, 'learning_rate': 2e-05, 'epoch': 0.04}
{'loss': 3.5385, 'grad_norm': 21.328359603881836, 'learning_rate': 2e-05, 'epoch': 0.04}
{'loss': 3.2373, 'grad_norm': 12.583763122558594, 'learning_rate': 2e-05, 'epoch': 0.04}
{'loss': 3.7142, 'grad_norm': 15.003421783447266, 'learning_rate': 2e-05, 'epoch': 0.04}
{'loss': 3.3411, 'grad_norm': 12.799281120300293, 'learning_rate': 2e-05, 'epoch': 0.04}
{'loss': 3.2532, 'grad_norm': 11.472452163696289, 'learning_rate': 2e-05, 'epoch': 0.04}
{'loss': 3.2873, 'grad_norm': 12.222546577453613, 'learning_rate': 2e-05, 'epoch': 0.04}
{'loss': 3.313, 'grad_norm': 5.100331783294678, 'learning_rate': 2e-05, 'epoch': 0.05}
{'loss': 3.2658, 'grad_norm': 9.817967414855957, 'learning_rate': 2e-05, 'epoch': 0.05}
{'loss': 3.3034, 'grad_norm': 5.384033203125, 'learning_rate': 2e-05, 'epoch': 0.05}
{'loss': 3.374, 'grad_norm': 8.424842834472656, 'learning_rate': 2e-05, 'epoch': 0.05}
{'loss': 3.15, 'grad_norm': 6.92611026763916, 'learning_rate': 2e-05, 'epoch': 0.05}
{'loss': 3.1902, 'grad_norm': 4.410899639129639, 'learning_rate': 2e-05, 'epoch': 0.05}
{'loss': 3.0776, 'grad_norm': 3.8607869148254395, 'learning_rate': 2e-05, 'epoch': 0.05}
{'loss': 3.188, 'grad_norm': 13.850271224975586, 'learning_rate': 2e-05, 'epoch': 0.05}
{'loss': 3.1346, 'grad_norm': 6.144166469573975, 'learning_rate': 2e-05, 'epoch': 0.05}
{'loss': 3.0206, 'grad_norm': 9.274240493774414, 'learning_rate': 2e-05, 'epoch': 0.05}
{'loss': 3.0072, 'grad_norm': 10.700581550598145, 'learning_rate': 2e-05, 'epoch': 0.05}
{'loss': 3.103, 'grad_norm': 8.67969799041748, 'learning_rate': 2e-05, 'epoch': 0.05}
{'loss': 3.0522, 'grad_norm': 3.9249987602233887, 'learning_rate': 2e-05, 'epoch': 0.05}
{'loss': 3.1881, 'grad_norm': 25.12581443786621, 'learning_rate': 2e-05, 'epoch': 0.05}
{'loss': 2.9841, 'grad_norm': 11.867197036743164, 'learning_rate': 2e-05, 'epoch': 0.05}
{'loss': 3.0478, 'grad_norm': 12.811115264892578, 'learning_rate': 2e-05, 'epoch': 0.05}
{'loss': 3.0573, 'grad_norm': 12.782097816467285, 'learning_rate': 2e-05, 'epoch': 0.05}
{'loss': 3.0199, 'grad_norm': 9.314617156982422, 'learning_rate': 2e-05, 'epoch': 0.05}
{'loss': 3.0597, 'grad_norm': 33.142372131347656, 'learning_rate': 2e-05, 'epoch': 0.05}
{'loss': 2.9316, 'grad_norm': 17.756126403808594, 'learning_rate': 2e-05, 'epoch': 0.05}
{'loss': 2.9358, 'grad_norm': 12.945786476135254, 'learning_rate': 2e-05, 'epoch': 0.05}
{'loss': 2.867, 'grad_norm': 15.410074234008789, 'learning_rate': 2e-05, 'epoch': 0.05}
{'loss': 3.04, 'grad_norm': 18.83794593811035, 'learning_rate': 2e-05, 'epoch': 0.05}
{'loss': 2.8256, 'grad_norm': 5.497383117675781, 'learning_rate': 2e-05, 'epoch': 0.05}
{'loss': 2.9461, 'grad_norm': 3.073714256286621, 'learning_rate': 2e-05, 'epoch': 0.05}
{'loss': 2.9257, 'grad_norm': 6.895378112792969, 'learning_rate': 2e-05, 'epoch': 0.05}
{'loss': 2.8776, 'grad_norm': 6.148549556732178, 'learning_rate': 2e-05, 'epoch': 0.05}
{'loss': 2.7935, 'grad_norm': 5.027746677398682, 'learning_rate': 2e-05, 'epoch': 0.05}
{'loss': 2.8182, 'grad_norm': 5.076380729675293, 'learning_rate': 2e-05, 'epoch': 0.05}
{'loss': 2.928, 'grad_norm': 2.8553457260131836, 'learning_rate': 2e-05, 'epoch': 0.05}
{'loss': 2.7258, 'grad_norm': 5.977466106414795, 'learning_rate': 2e-05, 'epoch': 0.06}
{'loss': 2.6249, 'grad_norm': 6.6879777908325195, 'learning_rate': 2e-05, 'epoch': 0.06}
{'loss': 2.6968, 'grad_norm': 7.2460246086120605, 'learning_rate': 2e-05, 'epoch': 0.06}
{'loss': 2.9295, 'grad_norm': 5.17065954208374, 'learning_rate': 2e-05, 'epoch': 0.06}
{'loss': 2.7115, 'grad_norm': 8.521530151367188, 'learning_rate': 2e-05, 'epoch': 0.06}
{'loss': 2.8061, 'grad_norm': 3.3803348541259766, 'learning_rate': 2e-05, 'epoch': 0.06}
{'loss': 2.8247, 'grad_norm': 2.485962390899658, 'learning_rate': 2e-05, 'epoch': 0.06}
{'loss': 2.5386, 'grad_norm': 3.509356737136841, 'learning_rate': 2e-05, 'epoch': 0.06}
{'loss': 3.0368, 'grad_norm': 10.260905265808105, 'learning_rate': 2e-05, 'epoch': 0.06}
{'loss': 2.5606, 'grad_norm': 3.224093437194824, 'learning_rate': 2e-05, 'epoch': 0.06}
{'loss': 3.0237, 'grad_norm': 8.896954536437988, 'learning_rate': 2e-05, 'epoch': 0.06}
{'loss': 2.6435, 'grad_norm': 6.751139163970947, 'learning_rate': 2e-05, 'epoch': 0.06}
{'loss': 2.5407, 'grad_norm': 4.084176063537598, 'learning_rate': 2e-05, 'epoch': 0.06}
{'loss': 2.5827, 'grad_norm': 8.01691722869873, 'learning_rate': 2e-05, 'epoch': 0.06}
{'loss': 3.1446, 'grad_norm': 7.757194519042969, 'learning_rate': 2e-05, 'epoch': 0.06}
{'loss': 3.0622, 'grad_norm': 8.546781539916992, 'learning_rate': 2e-05, 'epoch': 0.06}
{'loss': 2.6213, 'grad_norm': 6.505311489105225, 'learning_rate': 2e-05, 'epoch': 0.06}
{'loss': 3.0626, 'grad_norm': 6.593409061431885, 'learning_rate': 2e-05, 'epoch': 0.06}
{'loss': 2.3987, 'grad_norm': 5.51763391494751, 'learning_rate': 2e-05, 'epoch': 0.06}
{'loss': 2.8119, 'grad_norm': 9.576522827148438, 'learning_rate': 2e-05, 'epoch': 0.06}
{'loss': 2.4769, 'grad_norm': 2.493882417678833, 'learning_rate': 2e-05, 'epoch': 0.06}
{'loss': 2.281, 'grad_norm': 15.67729377746582, 'learning_rate': 2e-05, 'epoch': 0.06}
{'loss': 2.3161, 'grad_norm': 10.834636688232422, 'learning_rate': 2e-05, 'epoch': 0.06}
{'loss': 2.5679, 'grad_norm': 5.803884506225586, 'learning_rate': 2e-05, 'epoch': 0.06}
{'loss': 2.8148, 'grad_norm': 6.706396579742432, 'learning_rate': 2e-05, 'epoch': 0.06}
{'loss': 2.1926, 'grad_norm': 4.186080455780029, 'learning_rate': 2e-05, 'epoch': 0.06}
{'loss': 2.4669, 'grad_norm': 2.6390836238861084, 'learning_rate': 2e-05, 'epoch': 0.06}
{'loss': 2.3553, 'grad_norm': 6.957005977630615, 'learning_rate': 2e-05, 'epoch': 0.06}
{'loss': 2.3089, 'grad_norm': 6.409782886505127, 'learning_rate': 2e-05, 'epoch': 0.06}
{'loss': 2.1412, 'grad_norm': 3.8164987564086914, 'learning_rate': 2e-05, 'epoch': 0.06}
{'loss': 2.6357, 'grad_norm': 8.990241050720215, 'learning_rate': 2e-05, 'epoch': 0.07}
{'loss': 2.4788, 'grad_norm': 3.399430751800537, 'learning_rate': 2e-05, 'epoch': 0.07}
{'loss': 2.8147, 'grad_norm': 7.772443771362305, 'learning_rate': 2e-05, 'epoch': 0.07}
{'loss': 2.1882, 'grad_norm': 8.321585655212402, 'learning_rate': 2e-05, 'epoch': 0.07}
{'loss': 2.1192, 'grad_norm': 5.684370994567871, 'learning_rate': 2e-05, 'epoch': 0.07}
{'loss': 2.1982, 'grad_norm': 3.86126446723938, 'learning_rate': 2e-05, 'epoch': 0.07}
{'loss': 2.2105, 'grad_norm': 13.553132057189941, 'learning_rate': 2e-05, 'epoch': 0.07}
{'loss': 2.2478, 'grad_norm': 10.043747901916504, 'learning_rate': 2e-05, 'epoch': 0.07}
{'loss': 2.2882, 'grad_norm': 2.568673610687256, 'learning_rate': 2e-05, 'epoch': 0.07}
{'loss': 2.5515, 'grad_norm': 3.2642717361450195, 'learning_rate': 2e-05, 'epoch': 0.07}
{'loss': 2.205, 'grad_norm': 3.4654202461242676, 'learning_rate': 2e-05, 'epoch': 0.07}
{'loss': 2.5444, 'grad_norm': 7.364727020263672, 'learning_rate': 2e-05, 'epoch': 0.07}
{'loss': 2.2237, 'grad_norm': 17.12004280090332, 'learning_rate': 2e-05, 'epoch': 0.07}
{'loss': 2.0747, 'grad_norm': 5.335724830627441, 'learning_rate': 2e-05, 'epoch': 0.07}
{'loss': 2.325, 'grad_norm': 3.9634125232696533, 'learning_rate': 2e-05, 'epoch': 0.07}
{'loss': 2.8543, 'grad_norm': 10.248149871826172, 'learning_rate': 2e-05, 'epoch': 0.07}
{'loss': 2.2162, 'grad_norm': 1.9361308813095093, 'learning_rate': 2e-05, 'epoch': 0.07}
{'loss': 2.1589, 'grad_norm': 4.831940650939941, 'learning_rate': 2e-05, 'epoch': 0.07}
{'loss': 2.2794, 'grad_norm': 11.469526290893555, 'learning_rate': 2e-05, 'epoch': 0.07}
{'loss': 2.1742, 'grad_norm': 3.4017574787139893, 'learning_rate': 2e-05, 'epoch': 0.07}
{'loss': 2.0594, 'grad_norm': 4.597378730773926, 'learning_rate': 2e-05, 'epoch': 0.07}
{'loss': 2.6942, 'grad_norm': 5.202593803405762, 'learning_rate': 2e-05, 'epoch': 0.07}
{'loss': 2.2377, 'grad_norm': 2.1899330615997314, 'learning_rate': 2e-05, 'epoch': 0.07}
{'loss': 2.1713, 'grad_norm': 5.1915974617004395, 'learning_rate': 2e-05, 'epoch': 0.07}
{'loss': 2.0946, 'grad_norm': 6.665093421936035, 'learning_rate': 2e-05, 'epoch': 0.07}
{'loss': 2.6297, 'grad_norm': 2.776371955871582, 'learning_rate': 2e-05, 'epoch': 0.07}
{'loss': 2.1204, 'grad_norm': 7.820120334625244, 'learning_rate': 2e-05, 'epoch': 0.07}
{'loss': 2.2864, 'grad_norm': 5.624857425689697, 'learning_rate': 2e-05, 'epoch': 0.07}
{'loss': 2.3669, 'grad_norm': 3.652383327484131, 'learning_rate': 2e-05, 'epoch': 0.07}
{'loss': 2.1742, 'grad_norm': 3.649613380432129, 'learning_rate': 2e-05, 'epoch': 0.07}
{'loss': 2.3025, 'grad_norm': 1.7427529096603394, 'learning_rate': 2e-05, 'epoch': 0.08}
{'loss': 2.114, 'grad_norm': 4.382637023925781, 'learning_rate': 2e-05, 'epoch': 0.08}
{'loss': 2.0546, 'grad_norm': 5.189969062805176, 'learning_rate': 2e-05, 'epoch': 0.08}
{'loss': 2.2555, 'grad_norm': 1.482756495475769, 'learning_rate': 2e-05, 'epoch': 0.08}
{'loss': 2.0276, 'grad_norm': 3.725043296813965, 'learning_rate': 2e-05, 'epoch': 0.08}
{'loss': 1.9739, 'grad_norm': 6.981000900268555, 'learning_rate': 2e-05, 'epoch': 0.08}
{'loss': 1.9605, 'grad_norm': 4.055249214172363, 'learning_rate': 2e-05, 'epoch': 0.08}
{'loss': 2.0727, 'grad_norm': 3.23437237739563, 'learning_rate': 2e-05, 'epoch': 0.08}
{'loss': 2.0839, 'grad_norm': 4.342996120452881, 'learning_rate': 2e-05, 'epoch': 0.08}
{'loss': 2.1406, 'grad_norm': 3.9451870918273926, 'learning_rate': 2e-05, 'epoch': 0.08}
{'loss': 2.8882, 'grad_norm': 16.588327407836914, 'learning_rate': 2e-05, 'epoch': 0.08}
{'loss': 2.0273, 'grad_norm': 3.8222382068634033, 'learning_rate': 2e-05, 'epoch': 0.08}
{'loss': 2.0566, 'grad_norm': 19.320390701293945, 'learning_rate': 2e-05, 'epoch': 0.08}
{'loss': 1.9204, 'grad_norm': 9.038008689880371, 'learning_rate': 2e-05, 'epoch': 0.08}
{'loss': 2.1175, 'grad_norm': 2.4595389366149902, 'learning_rate': 2e-05, 'epoch': 0.08}
{'loss': 2.0526, 'grad_norm': 2.3483240604400635, 'learning_rate': 2e-05, 'epoch': 0.08}
{'loss': 2.2025, 'grad_norm': 4.918985366821289, 'learning_rate': 2e-05, 'epoch': 0.08}
{'loss': 1.9306, 'grad_norm': 3.3614280223846436, 'learning_rate': 2e-05, 'epoch': 0.08}
{'loss': 2.0527, 'grad_norm': 3.118333578109741, 'learning_rate': 2e-05, 'epoch': 0.08}
{'loss': 1.8659, 'grad_norm': 4.489086151123047, 'learning_rate': 2e-05, 'epoch': 0.08}
{'loss': 2.2296, 'grad_norm': 3.084224224090576, 'learning_rate': 2e-05, 'epoch': 0.08}
{'loss': 2.173, 'grad_norm': 3.3944599628448486, 'learning_rate': 2e-05, 'epoch': 0.08}
{'loss': 1.5626, 'grad_norm': 4.119578838348389, 'learning_rate': 2e-05, 'epoch': 0.08}
{'loss': 1.932, 'grad_norm': 1.2108097076416016, 'learning_rate': 2e-05, 'epoch': 0.08}
{'loss': 2.2331, 'grad_norm': 5.0428547859191895, 'learning_rate': 2e-05, 'epoch': 0.08}
{'loss': 2.1082, 'grad_norm': 1.6266635656356812, 'learning_rate': 2e-05, 'epoch': 0.08}
{'loss': 2.5086, 'grad_norm': 6.741940498352051, 'learning_rate': 2e-05, 'epoch': 0.08}
{'loss': 2.3695, 'grad_norm': 5.325196743011475, 'learning_rate': 2e-05, 'epoch': 0.08}
{'loss': 2.0637, 'grad_norm': 3.1598801612854004, 'learning_rate': 2e-05, 'epoch': 0.08}
{'loss': 2.1758, 'grad_norm': 2.02201771736145, 'learning_rate': 2e-05, 'epoch': 0.08}
{'loss': 2.2463, 'grad_norm': 9.042633056640625, 'learning_rate': 2e-05, 'epoch': 0.09}
{'loss': 1.6682, 'grad_norm': 4.77655553817749, 'learning_rate': 2e-05, 'epoch': 0.09}
{'loss': 2.4188, 'grad_norm': 4.556888103485107, 'learning_rate': 2e-05, 'epoch': 0.09}
{'loss': 1.9034, 'grad_norm': 4.343782424926758, 'learning_rate': 2e-05, 'epoch': 0.09}
{'loss': 2.3348, 'grad_norm': 1.7983654737472534, 'learning_rate': 2e-05, 'epoch': 0.09}
{'loss': 1.3983, 'grad_norm': 6.50844669342041, 'learning_rate': 2e-05, 'epoch': 0.09}
{'loss': 2.1351, 'grad_norm': 1.4684749841690063, 'learning_rate': 2e-05, 'epoch': 0.09}
{'loss': 2.126, 'grad_norm': 1.5568588972091675, 'learning_rate': 2e-05, 'epoch': 0.09}
{'loss': 1.9958, 'grad_norm': 2.8824572563171387, 'learning_rate': 2e-05, 'epoch': 0.09}
{'loss': 2.182, 'grad_norm': 4.491331577301025, 'learning_rate': 2e-05, 'epoch': 0.09}
{'loss': 2.0541, 'grad_norm': 3.298050880432129, 'learning_rate': 2e-05, 'epoch': 0.09}
{'loss': 1.941, 'grad_norm': 2.6555445194244385, 'learning_rate': 2e-05, 'epoch': 0.09}
{'loss': 1.735, 'grad_norm': 2.8802449703216553, 'learning_rate': 2e-05, 'epoch': 0.09}
{'loss': 1.8459, 'grad_norm': 3.5064594745635986, 'learning_rate': 2e-05, 'epoch': 0.09}
{'loss': 1.8286, 'grad_norm': 1.4063708782196045, 'learning_rate': 2e-05, 'epoch': 0.09}
{'loss': 2.0574, 'grad_norm': 1.1351555585861206, 'learning_rate': 2e-05, 'epoch': 0.09}
{'loss': 2.0363, 'grad_norm': 2.5623888969421387, 'learning_rate': 2e-05, 'epoch': 0.09}
{'loss': 1.9015, 'grad_norm': 2.6321628093719482, 'learning_rate': 2e-05, 'epoch': 0.09}
{'loss': 1.8696, 'grad_norm': 9.186224937438965, 'learning_rate': 2e-05, 'epoch': 0.09}
{'loss': 1.9863, 'grad_norm': 6.103588581085205, 'learning_rate': 2e-05, 'epoch': 0.09}
{'loss': 1.8785, 'grad_norm': 5.853856086730957, 'learning_rate': 2e-05, 'epoch': 0.09}
{'loss': 2.177, 'grad_norm': 5.135953903198242, 'learning_rate': 2e-05, 'epoch': 0.09}
{'loss': 1.7546, 'grad_norm': 32.15593719482422, 'learning_rate': 2e-05, 'epoch': 0.09}
{'loss': 1.9061, 'grad_norm': 3.018460512161255, 'learning_rate': 2e-05, 'epoch': 0.09}
{'loss': 2.1017, 'grad_norm': 13.594019889831543, 'learning_rate': 2e-05, 'epoch': 0.09}
{'loss': 1.9668, 'grad_norm': 6.257829666137695, 'learning_rate': 2e-05, 'epoch': 0.09}
{'loss': 2.2235, 'grad_norm': 1.492329478263855, 'learning_rate': 2e-05, 'epoch': 0.09}
{'loss': 2.0301, 'grad_norm': 6.545693397521973, 'learning_rate': 2e-05, 'epoch': 0.09}
{'loss': 2.0054, 'grad_norm': 2.9920458793640137, 'learning_rate': 2e-05, 'epoch': 0.09}
{'loss': 1.8374, 'grad_norm': 3.4677414894104004, 'learning_rate': 2e-05, 'epoch': 0.09}
{'loss': 1.9359, 'grad_norm': 4.157473564147949, 'learning_rate': 2e-05, 'epoch': 0.1}
{'loss': 1.9972, 'grad_norm': 1.3512119054794312, 'learning_rate': 2e-05, 'epoch': 0.1}
{'loss': 2.0693, 'grad_norm': 3.363225221633911, 'learning_rate': 2e-05, 'epoch': 0.1}
{'loss': 1.8292, 'grad_norm': 4.000495910644531, 'learning_rate': 2e-05, 'epoch': 0.1}
{'loss': 1.9025, 'grad_norm': 4.882350921630859, 'learning_rate': 2e-05, 'epoch': 0.1}
{'loss': 1.8992, 'grad_norm': 2.7464487552642822, 'learning_rate': 2e-05, 'epoch': 0.1}
{'loss': 2.0339, 'grad_norm': 1.8601640462875366, 'learning_rate': 2e-05, 'epoch': 0.1}
{'loss': 1.6366, 'grad_norm': 3.0100698471069336, 'learning_rate': 2e-05, 'epoch': 0.1}
{'loss': 1.8592, 'grad_norm': 1.782589316368103, 'learning_rate': 2e-05, 'epoch': 0.1}
{'loss': 1.8154, 'grad_norm': 1.856248378753662, 'learning_rate': 2e-05, 'epoch': 0.1}
{'loss': 1.8898, 'grad_norm': 1.714358925819397, 'learning_rate': 2e-05, 'epoch': 0.1}
{'loss': 1.8482, 'grad_norm': 3.0883307456970215, 'learning_rate': 2e-05, 'epoch': 0.1}
{'loss': 1.7951, 'grad_norm': 3.1690404415130615, 'learning_rate': 2e-05, 'epoch': 0.1}
{'loss': 1.9823, 'grad_norm': 7.6352105140686035, 'learning_rate': 2e-05, 'epoch': 0.1}
{'loss': 1.9408, 'grad_norm': 3.213639497756958, 'learning_rate': 2e-05, 'epoch': 0.1}
{'loss': 1.7897, 'grad_norm': 15.232340812683105, 'learning_rate': 2e-05, 'epoch': 0.1}
{'loss': 1.7705, 'grad_norm': 3.4051880836486816, 'learning_rate': 2e-05, 'epoch': 0.1}
{'loss': 1.7268, 'grad_norm': 1.7759257555007935, 'learning_rate': 2e-05, 'epoch': 0.1}
{'loss': 1.7851, 'grad_norm': 3.7463364601135254, 'learning_rate': 2e-05, 'epoch': 0.1}
{'loss': 2.1155, 'grad_norm': 6.598006248474121, 'learning_rate': 2e-05, 'epoch': 0.1}
{'loss': 1.8525, 'grad_norm': 5.086959362030029, 'learning_rate': 2e-05, 'epoch': 0.1}
{'loss': 1.8837, 'grad_norm': 2.1682138442993164, 'learning_rate': 2e-05, 'epoch': 0.1}
{'loss': 1.7046, 'grad_norm': 2.6288251876831055, 'learning_rate': 2e-05, 'epoch': 0.1}
{'loss': 1.7788, 'grad_norm': 1.6735458374023438, 'learning_rate': 2e-05, 'epoch': 0.1}
{'loss': 1.7264, 'grad_norm': 1.804359793663025, 'learning_rate': 2e-05, 'epoch': 0.1}
{'loss': 1.702, 'grad_norm': 5.096013069152832, 'learning_rate': 2e-05, 'epoch': 0.1}
{'loss': 2.0179, 'grad_norm': 2.669079065322876, 'learning_rate': 2e-05, 'epoch': 0.1}
{'loss': 1.8019, 'grad_norm': 4.717930316925049, 'learning_rate': 2e-05, 'epoch': 0.1}
{'loss': 1.7678, 'grad_norm': 3.516901969909668, 'learning_rate': 2e-05, 'epoch': 0.1}
{'loss': 2.014, 'grad_norm': 5.066438674926758, 'learning_rate': 2e-05, 'epoch': 0.1}
{'loss': 1.7935, 'grad_norm': 3.233942747116089, 'learning_rate': 2e-05, 'epoch': 0.11}
{'loss': 1.8682, 'grad_norm': 1.009338140487671, 'learning_rate': 2e-05, 'epoch': 0.11}
{'loss': 1.7305, 'grad_norm': 2.209523916244507, 'learning_rate': 2e-05, 'epoch': 0.11}
{'loss': 1.8355, 'grad_norm': 2.1031811237335205, 'learning_rate': 2e-05, 'epoch': 0.11}
{'loss': 1.9436, 'grad_norm': 2.3040006160736084, 'learning_rate': 2e-05, 'epoch': 0.11}
{'loss': 1.8474, 'grad_norm': 1.3154785633087158, 'learning_rate': 2e-05, 'epoch': 0.11}
{'loss': 2.0217, 'grad_norm': 1.1699621677398682, 'learning_rate': 2e-05, 'epoch': 0.11}
{'loss': 2.0717, 'grad_norm': 2.9545342922210693, 'learning_rate': 2e-05, 'epoch': 0.11}
{'loss': 1.7028, 'grad_norm': 1.0780795812606812, 'learning_rate': 2e-05, 'epoch': 0.11}
{'loss': 2.2113, 'grad_norm': 3.1006786823272705, 'learning_rate': 2e-05, 'epoch': 0.11}
{'loss': 1.7193, 'grad_norm': 2.100294589996338, 'learning_rate': 2e-05, 'epoch': 0.11}
{'loss': 1.7159, 'grad_norm': 1.1708534955978394, 'learning_rate': 2e-05, 'epoch': 0.11}
{'loss': 1.8516, 'grad_norm': 0.8466183543205261, 'learning_rate': 2e-05, 'epoch': 0.11}
{'loss': 1.7569, 'grad_norm': 1.9759771823883057, 'learning_rate': 2e-05, 'epoch': 0.11}
{'loss': 1.9358, 'grad_norm': 1.252638578414917, 'learning_rate': 2e-05, 'epoch': 0.11}
{'loss': 1.8388, 'grad_norm': 1.64374577999115, 'learning_rate': 2e-05, 'epoch': 0.11}
{'loss': 1.7788, 'grad_norm': 4.086418628692627, 'learning_rate': 2e-05, 'epoch': 0.11}
{'loss': 1.8097, 'grad_norm': 1.8597171306610107, 'learning_rate': 2e-05, 'epoch': 0.11}
{'loss': 1.493, 'grad_norm': 1.8486260175704956, 'learning_rate': 2e-05, 'epoch': 0.11}
{'loss': 1.9807, 'grad_norm': 2.8039469718933105, 'learning_rate': 2e-05, 'epoch': 0.11}
{'loss': 1.8216, 'grad_norm': 2.778083086013794, 'learning_rate': 2e-05, 'epoch': 0.11}
{'loss': 1.6834, 'grad_norm': 1.3350727558135986, 'learning_rate': 2e-05, 'epoch': 0.11}
{'loss': 1.8626, 'grad_norm': 2.1358466148376465, 'learning_rate': 2e-05, 'epoch': 0.11}
{'loss': 1.7331, 'grad_norm': 1.9425246715545654, 'learning_rate': 2e-05, 'epoch': 0.11}
{'loss': 1.8628, 'grad_norm': 0.6480344533920288, 'learning_rate': 2e-05, 'epoch': 0.11}
{'loss': 1.6468, 'grad_norm': 1.6655367612838745, 'learning_rate': 2e-05, 'epoch': 0.11}
{'loss': 1.8045, 'grad_norm': 0.899816632270813, 'learning_rate': 2e-05, 'epoch': 0.11}
{'loss': 1.8285, 'grad_norm': 0.9899560809135437, 'learning_rate': 2e-05, 'epoch': 0.11}
{'loss': 1.7484, 'grad_norm': 0.5144845843315125, 'learning_rate': 2e-05, 'epoch': 0.11}
{'loss': 1.8261, 'grad_norm': 0.7790476679801941, 'learning_rate': 2e-05, 'epoch': 0.11}
{'loss': 1.8763, 'grad_norm': 1.2396270036697388, 'learning_rate': 2e-05, 'epoch': 0.12}
{'loss': 1.6963, 'grad_norm': 1.6020954847335815, 'learning_rate': 2e-05, 'epoch': 0.12}
{'loss': 1.8237, 'grad_norm': 1.9172176122665405, 'learning_rate': 2e-05, 'epoch': 0.12}
{'loss': 1.8349, 'grad_norm': 0.9925668239593506, 'learning_rate': 2e-05, 'epoch': 0.12}
{'loss': 1.9403, 'grad_norm': 1.8461123704910278, 'learning_rate': 2e-05, 'epoch': 0.12}
{'loss': 1.8752, 'grad_norm': 1.168789267539978, 'learning_rate': 2e-05, 'epoch': 0.12}
{'loss': 1.8252, 'grad_norm': 1.6094229221343994, 'learning_rate': 2e-05, 'epoch': 0.12}
{'loss': 1.8511, 'grad_norm': 1.8341264724731445, 'learning_rate': 2e-05, 'epoch': 0.12}
{'loss': 1.8586, 'grad_norm': 0.5178878307342529, 'learning_rate': 2e-05, 'epoch': 0.12}
{'loss': 1.6723, 'grad_norm': 0.7038266062736511, 'learning_rate': 2e-05, 'epoch': 0.12}
{'loss': 1.7925, 'grad_norm': 1.4073654413223267, 'learning_rate': 2e-05, 'epoch': 0.12}
{'loss': 1.635, 'grad_norm': 0.8184772729873657, 'learning_rate': 2e-05, 'epoch': 0.12}
{'loss': 1.66, 'grad_norm': 0.7956623435020447, 'learning_rate': 2e-05, 'epoch': 0.12}
{'loss': 2.0162, 'grad_norm': 2.9349708557128906, 'learning_rate': 2e-05, 'epoch': 0.12}
{'loss': 2.0126, 'grad_norm': 1.7661908864974976, 'learning_rate': 2e-05, 'epoch': 0.12}
{'loss': 1.8477, 'grad_norm': 0.8481048345565796, 'learning_rate': 2e-05, 'epoch': 0.12}
{'loss': 1.6615, 'grad_norm': 0.900892972946167, 'learning_rate': 2e-05, 'epoch': 0.12}
{'loss': 1.8773, 'grad_norm': 0.8371068239212036, 'learning_rate': 2e-05, 'epoch': 0.12}
{'loss': 1.7037, 'grad_norm': 2.0902199745178223, 'learning_rate': 2e-05, 'epoch': 0.12}
{'loss': 1.8447, 'grad_norm': 0.5933765172958374, 'learning_rate': 2e-05, 'epoch': 0.12}
{'loss': 1.7949, 'grad_norm': 0.5529687404632568, 'learning_rate': 2e-05, 'epoch': 0.12}
{'loss': 1.7601, 'grad_norm': 0.8946746587753296, 'learning_rate': 2e-05, 'epoch': 0.12}
{'loss': 1.8368, 'grad_norm': 1.5388957262039185, 'learning_rate': 2e-05, 'epoch': 0.12}
{'loss': 1.9568, 'grad_norm': 0.9072364568710327, 'learning_rate': 2e-05, 'epoch': 0.12}
{'loss': 1.8409, 'grad_norm': 0.7113651633262634, 'learning_rate': 2e-05, 'epoch': 0.12}
{'loss': 1.925, 'grad_norm': 1.2123472690582275, 'learning_rate': 2e-05, 'epoch': 0.12}
{'loss': 1.7851, 'grad_norm': 0.7960705757141113, 'learning_rate': 2e-05, 'epoch': 0.12}
{'loss': 1.8378, 'grad_norm': 1.0066840648651123, 'learning_rate': 2e-05, 'epoch': 0.12}
{'loss': 1.8484, 'grad_norm': 1.1136265993118286, 'learning_rate': 2e-05, 'epoch': 0.12}
{'loss': 1.8075, 'grad_norm': 0.38352295756340027, 'learning_rate': 2e-05, 'epoch': 0.12}
{'loss': 1.6845, 'grad_norm': 1.465173602104187, 'learning_rate': 2e-05, 'epoch': 0.13}
{'loss': 1.8058, 'grad_norm': 1.5132367610931396, 'learning_rate': 2e-05, 'epoch': 0.13}
{'loss': 1.7455, 'grad_norm': 1.0780887603759766, 'learning_rate': 2e-05, 'epoch': 0.13}
{'loss': 1.8519, 'grad_norm': 3.5344440937042236, 'learning_rate': 2e-05, 'epoch': 0.13}
{'loss': 1.7936, 'grad_norm': 0.6022728085517883, 'learning_rate': 2e-05, 'epoch': 0.13}
{'loss': 1.757, 'grad_norm': 1.0433528423309326, 'learning_rate': 2e-05, 'epoch': 0.13}
{'loss': 1.8689, 'grad_norm': 3.548339366912842, 'learning_rate': 2e-05, 'epoch': 0.13}
{'loss': 1.7565, 'grad_norm': 0.9150305390357971, 'learning_rate': 2e-05, 'epoch': 0.13}
{'loss': 1.7672, 'grad_norm': 1.0292637348175049, 'learning_rate': 2e-05, 'epoch': 0.13}
{'loss': 1.721, 'grad_norm': 0.5642685294151306, 'learning_rate': 2e-05, 'epoch': 0.13}
{'loss': 1.7602, 'grad_norm': 1.1105155944824219, 'learning_rate': 2e-05, 'epoch': 0.13}
{'loss': 1.6787, 'grad_norm': 0.5040666460990906, 'learning_rate': 2e-05, 'epoch': 0.13}
{'loss': 1.8115, 'grad_norm': 0.6522148251533508, 'learning_rate': 2e-05, 'epoch': 0.13}
{'loss': 1.7699, 'grad_norm': 1.8552685976028442, 'learning_rate': 2e-05, 'epoch': 0.13}
{'loss': 1.7064, 'grad_norm': 0.7885141372680664, 'learning_rate': 2e-05, 'epoch': 0.13}
{'loss': 1.6397, 'grad_norm': 0.5562486052513123, 'learning_rate': 2e-05, 'epoch': 0.13}
{'loss': 1.7117, 'grad_norm': 0.9769089818000793, 'learning_rate': 2e-05, 'epoch': 0.13}
{'loss': 1.7342, 'grad_norm': 2.406984806060791, 'learning_rate': 2e-05, 'epoch': 0.13}
{'loss': 1.6897, 'grad_norm': 0.5980942249298096, 'learning_rate': 2e-05, 'epoch': 0.13}
{'loss': 1.7163, 'grad_norm': 1.2680972814559937, 'learning_rate': 2e-05, 'epoch': 0.13}
{'loss': 1.7535, 'grad_norm': 1.0910872220993042, 'learning_rate': 2e-05, 'epoch': 0.13}
{'loss': 1.7803, 'grad_norm': 0.9209995269775391, 'learning_rate': 2e-05, 'epoch': 0.13}
{'loss': 1.9565, 'grad_norm': 1.2696279287338257, 'learning_rate': 2e-05, 'epoch': 0.13}
{'loss': 1.8797, 'grad_norm': 0.6450979113578796, 'learning_rate': 2e-05, 'epoch': 0.13}
{'loss': 1.8287, 'grad_norm': 1.0225955247879028, 'learning_rate': 2e-05, 'epoch': 0.13}
{'loss': 1.616, 'grad_norm': 0.5807756185531616, 'learning_rate': 2e-05, 'epoch': 0.13}
{'loss': 1.6999, 'grad_norm': 0.9036486148834229, 'learning_rate': 2e-05, 'epoch': 0.13}
{'loss': 1.7175, 'grad_norm': 0.38054776191711426, 'learning_rate': 2e-05, 'epoch': 0.13}
{'loss': 1.6953, 'grad_norm': 9.978694915771484, 'learning_rate': 2e-05, 'epoch': 0.13}
{'loss': 1.577, 'grad_norm': 0.7915244102478027, 'learning_rate': 2e-05, 'epoch': 0.13}
{'loss': 1.7773, 'grad_norm': 1.3238086700439453, 'learning_rate': 2e-05, 'epoch': 0.14}
{'loss': 1.6258, 'grad_norm': 0.928694486618042, 'learning_rate': 2e-05, 'epoch': 0.14}
{'loss': 1.8675, 'grad_norm': 1.1243400573730469, 'learning_rate': 2e-05, 'epoch': 0.14}
{'loss': 1.7421, 'grad_norm': 0.8151658177375793, 'learning_rate': 2e-05, 'epoch': 0.14}
{'loss': 1.7604, 'grad_norm': 1.361448884010315, 'learning_rate': 2e-05, 'epoch': 0.14}
{'loss': 1.6072, 'grad_norm': 0.67205810546875, 'learning_rate': 2e-05, 'epoch': 0.14}
{'loss': 1.5676, 'grad_norm': 1.5013693571090698, 'learning_rate': 2e-05, 'epoch': 0.14}
{'loss': 1.7327, 'grad_norm': 3.118037700653076, 'learning_rate': 2e-05, 'epoch': 0.14}
{'loss': 1.8566, 'grad_norm': 5.093031883239746, 'learning_rate': 2e-05, 'epoch': 0.14}
{'loss': 1.7377, 'grad_norm': 0.5485575199127197, 'learning_rate': 2e-05, 'epoch': 0.14}
{'loss': 1.4395, 'grad_norm': 1.4146863222122192, 'learning_rate': 2e-05, 'epoch': 0.14}
{'loss': 1.6822, 'grad_norm': 0.7352125644683838, 'learning_rate': 2e-05, 'epoch': 0.14}
{'loss': 1.8002, 'grad_norm': 0.7833059430122375, 'learning_rate': 2e-05, 'epoch': 0.14}
{'loss': 1.6285, 'grad_norm': 0.5449027419090271, 'learning_rate': 2e-05, 'epoch': 0.14}
{'loss': 1.7022, 'grad_norm': 0.5966055989265442, 'learning_rate': 2e-05, 'epoch': 0.14}
{'loss': 1.5861, 'grad_norm': 0.6365516781806946, 'learning_rate': 2e-05, 'epoch': 0.14}
{'loss': 1.8934, 'grad_norm': 1.13441801071167, 'learning_rate': 2e-05, 'epoch': 0.14}
{'loss': 1.7307, 'grad_norm': 1.129747748374939, 'learning_rate': 2e-05, 'epoch': 0.14}
{'loss': 1.6543, 'grad_norm': 0.4798891842365265, 'learning_rate': 2e-05, 'epoch': 0.14}
{'loss': 1.4844, 'grad_norm': 1.972251057624817, 'learning_rate': 2e-05, 'epoch': 0.14}
{'loss': 1.6587, 'grad_norm': 0.8384218215942383, 'learning_rate': 2e-05, 'epoch': 0.14}
{'loss': 1.6263, 'grad_norm': 1.1960643529891968, 'learning_rate': 2e-05, 'epoch': 0.14}
{'loss': 1.8889, 'grad_norm': 1.0003384351730347, 'learning_rate': 2e-05, 'epoch': 0.14}
{'loss': 1.8535, 'grad_norm': 0.7107803821563721, 'learning_rate': 2e-05, 'epoch': 0.14}
{'loss': 1.8367, 'grad_norm': 1.0429240465164185, 'learning_rate': 2e-05, 'epoch': 0.14}
{'loss': 1.8549, 'grad_norm': 0.655305802822113, 'learning_rate': 2e-05, 'epoch': 0.14}
{'loss': 1.7317, 'grad_norm': 1.0477954149246216, 'learning_rate': 2e-05, 'epoch': 0.14}
{'loss': 1.6882, 'grad_norm': 1.2580816745758057, 'learning_rate': 2e-05, 'epoch': 0.14}
{'loss': 1.6916, 'grad_norm': 0.9320595860481262, 'learning_rate': 2e-05, 'epoch': 0.14}
{'loss': 1.7995, 'grad_norm': 0.5868269205093384, 'learning_rate': 2e-05, 'epoch': 0.14}
{'loss': 1.8088, 'grad_norm': 0.7647465467453003, 'learning_rate': 2e-05, 'epoch': 0.15}
{'loss': 1.8123, 'grad_norm': 0.9004716277122498, 'learning_rate': 2e-05, 'epoch': 0.15}
{'loss': 1.8436, 'grad_norm': 0.925394594669342, 'learning_rate': 2e-05, 'epoch': 0.15}
{'loss': 2.0941, 'grad_norm': 2.572601318359375, 'learning_rate': 2e-05, 'epoch': 0.15}
{'loss': 1.6431, 'grad_norm': 0.76120924949646, 'learning_rate': 2e-05, 'epoch': 0.15}
{'loss': 1.6611, 'grad_norm': 0.5105055570602417, 'learning_rate': 2e-05, 'epoch': 0.15}
{'loss': 1.9791, 'grad_norm': 1.39320969581604, 'learning_rate': 2e-05, 'epoch': 0.15}
{'loss': 1.6428, 'grad_norm': 0.7166562676429749, 'learning_rate': 2e-05, 'epoch': 0.15}
{'loss': 1.7276, 'grad_norm': 0.7758852243423462, 'learning_rate': 2e-05, 'epoch': 0.15}
{'loss': 1.9434, 'grad_norm': 2.6363532543182373, 'learning_rate': 2e-05, 'epoch': 0.15}
{'loss': 1.9316, 'grad_norm': 3.114762544631958, 'learning_rate': 2e-05, 'epoch': 0.15}
{'loss': 1.8082, 'grad_norm': 1.6138277053833008, 'learning_rate': 2e-05, 'epoch': 0.15}
{'loss': 1.6581, 'grad_norm': 0.55006343126297, 'learning_rate': 2e-05, 'epoch': 0.15}
{'loss': 1.766, 'grad_norm': 0.9117201566696167, 'learning_rate': 2e-05, 'epoch': 0.15}
{'loss': 1.5988, 'grad_norm': 1.9213604927062988, 'learning_rate': 2e-05, 'epoch': 0.15}
{'loss': 1.7406, 'grad_norm': 0.633512020111084, 'learning_rate': 2e-05, 'epoch': 0.15}
{'loss': 1.4748, 'grad_norm': 1.974826693534851, 'learning_rate': 2e-05, 'epoch': 0.15}
{'loss': 1.6242, 'grad_norm': 0.8577794432640076, 'learning_rate': 2e-05, 'epoch': 0.15}
{'loss': 1.6374, 'grad_norm': 1.2990609407424927, 'learning_rate': 2e-05, 'epoch': 0.15}
{'loss': 1.8524, 'grad_norm': 1.646425485610962, 'learning_rate': 2e-05, 'epoch': 0.15}
{'loss': 1.7996, 'grad_norm': 0.8265220522880554, 'learning_rate': 2e-05, 'epoch': 0.15}
{'loss': 1.766, 'grad_norm': 1.7277419567108154, 'learning_rate': 2e-05, 'epoch': 0.15}
{'loss': 1.8735, 'grad_norm': 1.0773628950119019, 'learning_rate': 2e-05, 'epoch': 0.15}
{'loss': 1.7835, 'grad_norm': 1.1439675092697144, 'learning_rate': 2e-05, 'epoch': 0.15}
{'loss': 1.9055, 'grad_norm': 2.7608234882354736, 'learning_rate': 2e-05, 'epoch': 0.15}
{'loss': 1.9226, 'grad_norm': 0.9777280688285828, 'learning_rate': 2e-05, 'epoch': 0.15}
{'loss': 1.7013, 'grad_norm': 1.1875088214874268, 'learning_rate': 2e-05, 'epoch': 0.15}
{'loss': 1.76, 'grad_norm': 0.8823877573013306, 'learning_rate': 2e-05, 'epoch': 0.15}
{'loss': 1.7997, 'grad_norm': 0.7202677726745605, 'learning_rate': 2e-05, 'epoch': 0.15}
{'loss': 1.7297, 'grad_norm': 1.6369136571884155, 'learning_rate': 2e-05, 'epoch': 0.15}
{'loss': 1.8416, 'grad_norm': 1.6425127983093262, 'learning_rate': 2e-05, 'epoch': 0.16}
{'loss': 1.9118, 'grad_norm': 21.152055740356445, 'learning_rate': 2e-05, 'epoch': 0.16}
{'loss': 1.7539, 'grad_norm': 1.711655855178833, 'learning_rate': 2e-05, 'epoch': 0.16}
{'loss': 1.7646, 'grad_norm': 1.7221869230270386, 'learning_rate': 2e-05, 'epoch': 0.16}
{'loss': 1.7647, 'grad_norm': 2.190413475036621, 'learning_rate': 2e-05, 'epoch': 0.16}
{'loss': 1.8214, 'grad_norm': 2.1927707195281982, 'learning_rate': 2e-05, 'epoch': 0.16}
{'loss': 1.8081, 'grad_norm': 0.5936976075172424, 'learning_rate': 2e-05, 'epoch': 0.16}
{'loss': 1.692, 'grad_norm': 1.7206906080245972, 'learning_rate': 2e-05, 'epoch': 0.16}
{'loss': 1.6831, 'grad_norm': 0.9303961396217346, 'learning_rate': 2e-05, 'epoch': 0.16}
{'loss': 1.7744, 'grad_norm': 0.8908163905143738, 'learning_rate': 2e-05, 'epoch': 0.16}
{'loss': 1.7642, 'grad_norm': 0.7830459475517273, 'learning_rate': 2e-05, 'epoch': 0.16}
{'loss': 1.588, 'grad_norm': 2.222975492477417, 'learning_rate': 2e-05, 'epoch': 0.16}
{'loss': 1.8289, 'grad_norm': 0.837205171585083, 'learning_rate': 2e-05, 'epoch': 0.16}
{'loss': 1.9597, 'grad_norm': 1.4322021007537842, 'learning_rate': 2e-05, 'epoch': 0.16}
{'loss': 1.4193, 'grad_norm': 0.6650180220603943, 'learning_rate': 2e-05, 'epoch': 0.16}
{'loss': 1.8354, 'grad_norm': 0.8210597634315491, 'learning_rate': 2e-05, 'epoch': 0.16}
{'loss': 1.6065, 'grad_norm': 0.41788434982299805, 'learning_rate': 2e-05, 'epoch': 0.16}
{'loss': 1.5547, 'grad_norm': 1.1535345315933228, 'learning_rate': 2e-05, 'epoch': 0.16}
{'loss': 1.6464, 'grad_norm': 0.5954280495643616, 'learning_rate': 2e-05, 'epoch': 0.16}
{'loss': 1.5784, 'grad_norm': 0.47643953561782837, 'learning_rate': 2e-05, 'epoch': 0.16}
{'loss': 1.9581, 'grad_norm': 1.4007506370544434, 'learning_rate': 2e-05, 'epoch': 0.16}
{'loss': 1.7185, 'grad_norm': 0.8035888671875, 'learning_rate': 2e-05, 'epoch': 0.16}
{'loss': 1.8317, 'grad_norm': 1.7714591026306152, 'learning_rate': 2e-05, 'epoch': 0.16}
{'loss': 1.609, 'grad_norm': 0.6788452863693237, 'learning_rate': 2e-05, 'epoch': 0.16}
{'loss': 1.6582, 'grad_norm': 0.5270837545394897, 'learning_rate': 2e-05, 'epoch': 0.16}
{'loss': 1.7721, 'grad_norm': 0.9147160649299622, 'learning_rate': 2e-05, 'epoch': 0.16}
{'loss': 1.7644, 'grad_norm': 1.5461153984069824, 'learning_rate': 2e-05, 'epoch': 0.16}
{'loss': 1.8892, 'grad_norm': 2.160776376724243, 'learning_rate': 2e-05, 'epoch': 0.16}
{'loss': 1.6376, 'grad_norm': 0.6355125904083252, 'learning_rate': 2e-05, 'epoch': 0.16}
{'loss': 1.7049, 'grad_norm': 1.0201849937438965, 'learning_rate': 2e-05, 'epoch': 0.16}
{'loss': 1.6024, 'grad_norm': 0.5782698392868042, 'learning_rate': 2e-05, 'epoch': 0.17}
{'loss': 1.9838, 'grad_norm': 2.5741465091705322, 'learning_rate': 2e-05, 'epoch': 0.17}
{'loss': 1.6975, 'grad_norm': 0.8565860390663147, 'learning_rate': 2e-05, 'epoch': 0.17}
{'loss': 1.6566, 'grad_norm': 0.6094640493392944, 'learning_rate': 2e-05, 'epoch': 0.17}
{'loss': 1.6421, 'grad_norm': 0.7229951024055481, 'learning_rate': 2e-05, 'epoch': 0.17}
{'loss': 1.6242, 'grad_norm': 0.5707539319992065, 'learning_rate': 2e-05, 'epoch': 0.17}
{'loss': 1.6375, 'grad_norm': 0.7473269104957581, 'learning_rate': 2e-05, 'epoch': 0.17}
{'loss': 1.6293, 'grad_norm': 1.0549873113632202, 'learning_rate': 2e-05, 'epoch': 0.17}
{'loss': 1.7048, 'grad_norm': 0.6645408868789673, 'learning_rate': 2e-05, 'epoch': 0.17}
{'loss': 1.6335, 'grad_norm': 0.47575876116752625, 'learning_rate': 2e-05, 'epoch': 0.17}
{'loss': 1.8067, 'grad_norm': 0.7729256749153137, 'learning_rate': 2e-05, 'epoch': 0.17}
{'loss': 1.7974, 'grad_norm': 1.032206416130066, 'learning_rate': 2e-05, 'epoch': 0.17}
{'loss': 1.6865, 'grad_norm': 0.3600905239582062, 'learning_rate': 2e-05, 'epoch': 0.17}
{'loss': 1.66, 'grad_norm': 1.370260238647461, 'learning_rate': 2e-05, 'epoch': 0.17}
{'loss': 2.0046, 'grad_norm': 3.055021286010742, 'learning_rate': 2e-05, 'epoch': 0.17}
{'loss': 1.9272, 'grad_norm': 1.5746517181396484, 'learning_rate': 2e-05, 'epoch': 0.17}
{'loss': 1.823, 'grad_norm': 0.5829862952232361, 'learning_rate': 2e-05, 'epoch': 0.17}
{'loss': 1.6957, 'grad_norm': 0.5681942105293274, 'learning_rate': 2e-05, 'epoch': 0.17}
{'loss': 1.6392, 'grad_norm': 1.1433507204055786, 'learning_rate': 2e-05, 'epoch': 0.17}
{'loss': 1.7377, 'grad_norm': 0.5447565317153931, 'learning_rate': 2e-05, 'epoch': 0.17}
{'loss': 1.573, 'grad_norm': 0.9821604490280151, 'learning_rate': 2e-05, 'epoch': 0.17}
{'loss': 1.8502, 'grad_norm': 1.9253805875778198, 'learning_rate': 2e-05, 'epoch': 0.17}
{'loss': 1.6426, 'grad_norm': 0.6548435091972351, 'learning_rate': 2e-05, 'epoch': 0.17}
{'loss': 1.7257, 'grad_norm': 0.747661292552948, 'learning_rate': 2e-05, 'epoch': 0.17}
{'loss': 1.5608, 'grad_norm': 1.8103654384613037, 'learning_rate': 2e-05, 'epoch': 0.17}
{'loss': 1.6382, 'grad_norm': 0.9200721383094788, 'learning_rate': 2e-05, 'epoch': 0.17}
{'loss': 1.7331, 'grad_norm': 1.6202070713043213, 'learning_rate': 2e-05, 'epoch': 0.17}
{'loss': 1.7771, 'grad_norm': 0.5130934119224548, 'learning_rate': 2e-05, 'epoch': 0.17}
{'loss': 1.8244, 'grad_norm': 0.7023764252662659, 'learning_rate': 2e-05, 'epoch': 0.17}
{'loss': 1.8799, 'grad_norm': 2.074735403060913, 'learning_rate': 2e-05, 'epoch': 0.17}
{'loss': 1.7994, 'grad_norm': 0.6646801233291626, 'learning_rate': 2e-05, 'epoch': 0.18}
{'loss': 1.7065, 'grad_norm': 0.8046836256980896, 'learning_rate': 2e-05, 'epoch': 0.18}
{'loss': 1.7545, 'grad_norm': 2.4901950359344482, 'learning_rate': 2e-05, 'epoch': 0.18}
{'loss': 1.8274, 'grad_norm': 0.9379902482032776, 'learning_rate': 2e-05, 'epoch': 0.18}
{'loss': 1.8612, 'grad_norm': 1.6297607421875, 'learning_rate': 2e-05, 'epoch': 0.18}
{'loss': 1.6884, 'grad_norm': 1.9303654432296753, 'learning_rate': 2e-05, 'epoch': 0.18}
{'loss': 1.6201, 'grad_norm': 1.3402519226074219, 'learning_rate': 2e-05, 'epoch': 0.18}
{'loss': 1.9009, 'grad_norm': 0.7308236360549927, 'learning_rate': 2e-05, 'epoch': 0.18}
{'loss': 1.6101, 'grad_norm': 1.1497257947921753, 'learning_rate': 2e-05, 'epoch': 0.18}
{'loss': 1.8226, 'grad_norm': 1.1709524393081665, 'learning_rate': 2e-05, 'epoch': 0.18}
{'loss': 1.7459, 'grad_norm': 2.976896286010742, 'learning_rate': 2e-05, 'epoch': 0.18}
{'loss': 1.597, 'grad_norm': 1.5766807794570923, 'learning_rate': 2e-05, 'epoch': 0.18}
{'loss': 1.8716, 'grad_norm': 2.1784141063690186, 'learning_rate': 2e-05, 'epoch': 0.18}
{'loss': 1.909, 'grad_norm': 1.0462411642074585, 'learning_rate': 2e-05, 'epoch': 0.18}
{'loss': 1.7827, 'grad_norm': 0.9943932294845581, 'learning_rate': 2e-05, 'epoch': 0.18}
{'loss': 1.6977, 'grad_norm': 1.9913445711135864, 'learning_rate': 2e-05, 'epoch': 0.18}
{'loss': 1.7945, 'grad_norm': 2.09844970703125, 'learning_rate': 2e-05, 'epoch': 0.18}
{'loss': 1.8669, 'grad_norm': 0.5566194653511047, 'learning_rate': 2e-05, 'epoch': 0.18}
{'loss': 1.7771, 'grad_norm': 0.9853542447090149, 'learning_rate': 2e-05, 'epoch': 0.18}
{'loss': 1.1313, 'grad_norm': 2.033195734024048, 'learning_rate': 2e-05, 'epoch': 0.18}
{'loss': 1.6399, 'grad_norm': 1.5235161781311035, 'learning_rate': 2e-05, 'epoch': 0.18}
{'loss': 1.481, 'grad_norm': 1.795893907546997, 'learning_rate': 2e-05, 'epoch': 0.18}
{'loss': 1.7848, 'grad_norm': 1.4915574789047241, 'learning_rate': 2e-05, 'epoch': 0.18}
{'loss': 1.7208, 'grad_norm': 0.8980681300163269, 'learning_rate': 2e-05, 'epoch': 0.18}
{'loss': 1.6158, 'grad_norm': 1.6211124658584595, 'learning_rate': 2e-05, 'epoch': 0.18}
{'loss': 1.7011, 'grad_norm': 1.6088602542877197, 'learning_rate': 2e-05, 'epoch': 0.18}
{'loss': 1.7564, 'grad_norm': 1.6529432535171509, 'learning_rate': 2e-05, 'epoch': 0.18}
{'loss': 1.7914, 'grad_norm': 1.2564083337783813, 'learning_rate': 2e-05, 'epoch': 0.18}
{'loss': 0.8831, 'grad_norm': 1.6761665344238281, 'learning_rate': 2e-05, 'epoch': 0.18}
{'loss': 1.8397, 'grad_norm': 0.7271512746810913, 'learning_rate': 2e-05, 'epoch': 0.18}
{'loss': 1.6036, 'grad_norm': 0.8719406723976135, 'learning_rate': 2e-05, 'epoch': 0.19}
{'loss': 1.6579, 'grad_norm': 1.3394804000854492, 'learning_rate': 2e-05, 'epoch': 0.19}
{'loss': 1.7622, 'grad_norm': 1.4149984121322632, 'learning_rate': 2e-05, 'epoch': 0.19}
{'loss': 1.7818, 'grad_norm': 0.5197392106056213, 'learning_rate': 2e-05, 'epoch': 0.19}
{'loss': 1.6974, 'grad_norm': 1.1182904243469238, 'learning_rate': 2e-05, 'epoch': 0.19}
{'loss': 1.7154, 'grad_norm': 2.7698254585266113, 'learning_rate': 2e-05, 'epoch': 0.19}
{'loss': 1.7367, 'grad_norm': 1.321089267730713, 'learning_rate': 2e-05, 'epoch': 0.19}
{'loss': 1.6702, 'grad_norm': 0.9535419344902039, 'learning_rate': 2e-05, 'epoch': 0.19}
{'loss': 1.7677, 'grad_norm': 2.451535940170288, 'learning_rate': 2e-05, 'epoch': 0.19}
{'loss': 1.7723, 'grad_norm': 2.704460382461548, 'learning_rate': 2e-05, 'epoch': 0.19}
{'loss': 1.6705, 'grad_norm': 1.133060097694397, 'learning_rate': 2e-05, 'epoch': 0.19}
{'loss': 1.7101, 'grad_norm': 4.186871528625488, 'learning_rate': 2e-05, 'epoch': 0.19}
{'loss': 1.5032, 'grad_norm': 2.2736339569091797, 'learning_rate': 2e-05, 'epoch': 0.19}
{'loss': 1.6379, 'grad_norm': 1.0231634378433228, 'learning_rate': 2e-05, 'epoch': 0.19}
{'loss': 1.6117, 'grad_norm': 2.185941219329834, 'learning_rate': 2e-05, 'epoch': 0.19}
{'loss': 1.3233, 'grad_norm': 1.9548653364181519, 'learning_rate': 2e-05, 'epoch': 0.19}
{'loss': 1.5889, 'grad_norm': 1.193480372428894, 'learning_rate': 2e-05, 'epoch': 0.19}
{'loss': 1.7685, 'grad_norm': 1.5280401706695557, 'learning_rate': 2e-05, 'epoch': 0.19}
{'loss': 1.7553, 'grad_norm': 0.8043983578681946, 'learning_rate': 2e-05, 'epoch': 0.19}
{'loss': 1.6278, 'grad_norm': 0.8087295293807983, 'learning_rate': 2e-05, 'epoch': 0.19}
{'loss': 1.7478, 'grad_norm': 1.874873399734497, 'learning_rate': 2e-05, 'epoch': 0.19}
{'loss': 1.6925, 'grad_norm': 0.6669594645500183, 'learning_rate': 2e-05, 'epoch': 0.19}
{'loss': 1.7338, 'grad_norm': 1.5509870052337646, 'learning_rate': 2e-05, 'epoch': 0.19}
{'loss': 1.7393, 'grad_norm': 1.8506556749343872, 'learning_rate': 2e-05, 'epoch': 0.19}
{'loss': 1.6577, 'grad_norm': 0.9754775762557983, 'learning_rate': 2e-05, 'epoch': 0.19}
{'loss': 1.6637, 'grad_norm': 1.0824698209762573, 'learning_rate': 2e-05, 'epoch': 0.19}
{'loss': 1.6109, 'grad_norm': 0.9021254181861877, 'learning_rate': 2e-05, 'epoch': 0.19}
{'loss': 1.644, 'grad_norm': 0.7015578150749207, 'learning_rate': 2e-05, 'epoch': 0.19}
{'loss': 1.7648, 'grad_norm': 0.5929267406463623, 'learning_rate': 2e-05, 'epoch': 0.19}
{'loss': 1.5997, 'grad_norm': 0.6914452314376831, 'learning_rate': 2e-05, 'epoch': 0.19}
{'loss': 1.7332, 'grad_norm': 0.6860705018043518, 'learning_rate': 2e-05, 'epoch': 0.2}
{'loss': 1.6156, 'grad_norm': 1.378899097442627, 'learning_rate': 2e-05, 'epoch': 0.2}
{'loss': 1.7619, 'grad_norm': 1.6889173984527588, 'learning_rate': 2e-05, 'epoch': 0.2}
{'loss': 1.6603, 'grad_norm': 0.7138844132423401, 'learning_rate': 2e-05, 'epoch': 0.2}
{'loss': 1.738, 'grad_norm': 1.391067385673523, 'learning_rate': 2e-05, 'epoch': 0.2}
{'loss': 1.7446, 'grad_norm': 1.6666125059127808, 'learning_rate': 2e-05, 'epoch': 0.2}
{'loss': 1.7362, 'grad_norm': 3.7672278881073, 'learning_rate': 2e-05, 'epoch': 0.2}
{'loss': 1.8501, 'grad_norm': 2.2971394062042236, 'learning_rate': 2e-05, 'epoch': 0.2}
{'loss': 1.6808, 'grad_norm': 2.4292640686035156, 'learning_rate': 2e-05, 'epoch': 0.2}
{'loss': 1.6402, 'grad_norm': 0.9582691788673401, 'learning_rate': 2e-05, 'epoch': 0.2}
{'loss': 1.7623, 'grad_norm': 1.2668757438659668, 'learning_rate': 2e-05, 'epoch': 0.2}
{'loss': 1.8034, 'grad_norm': 0.3882250487804413, 'learning_rate': 2e-05, 'epoch': 0.2}
{'loss': 1.6608, 'grad_norm': 0.9099258184432983, 'learning_rate': 2e-05, 'epoch': 0.2}
{'loss': 1.6351, 'grad_norm': 0.7087433934211731, 'learning_rate': 2e-05, 'epoch': 0.2}
{'loss': 1.8394, 'grad_norm': 0.6930289268493652, 'learning_rate': 2e-05, 'epoch': 0.2}
{'loss': 1.6239, 'grad_norm': 0.8380608558654785, 'learning_rate': 2e-05, 'epoch': 0.2}
{'loss': 1.7952, 'grad_norm': 0.6394135355949402, 'learning_rate': 2e-05, 'epoch': 0.2}
{'loss': 1.7239, 'grad_norm': 1.0689852237701416, 'learning_rate': 2e-05, 'epoch': 0.2}
{'loss': 1.7467, 'grad_norm': 2.136728286743164, 'learning_rate': 2e-05, 'epoch': 0.2}
{'loss': 1.3707, 'grad_norm': 0.6652975082397461, 'learning_rate': 2e-05, 'epoch': 0.2}
{'loss': 1.6516, 'grad_norm': 0.7177126407623291, 'learning_rate': 2e-05, 'epoch': 0.2}
{'loss': 1.8217, 'grad_norm': 1.046078085899353, 'learning_rate': 2e-05, 'epoch': 0.2}
{'loss': 1.8249, 'grad_norm': 1.2600021362304688, 'learning_rate': 2e-05, 'epoch': 0.2}
{'loss': 1.6886, 'grad_norm': 0.9010505080223083, 'learning_rate': 2e-05, 'epoch': 0.2}
{'loss': 1.8479, 'grad_norm': 2.2825589179992676, 'learning_rate': 2e-05, 'epoch': 0.2}
{'loss': 1.7527, 'grad_norm': 0.6744515299797058, 'learning_rate': 2e-05, 'epoch': 0.2}
{'loss': 1.6602, 'grad_norm': 1.350343108177185, 'learning_rate': 2e-05, 'epoch': 0.2}
{'loss': 1.6351, 'grad_norm': 0.6153848171234131, 'learning_rate': 2e-05, 'epoch': 0.2}
{'loss': 1.72, 'grad_norm': 1.17825448513031, 'learning_rate': 2e-05, 'epoch': 0.2}
{'loss': 1.7195, 'grad_norm': 0.47107288241386414, 'learning_rate': 2e-05, 'epoch': 0.2}
{'loss': 1.2715, 'grad_norm': 1.3657246828079224, 'learning_rate': 2e-05, 'epoch': 0.21}
{'loss': 1.8328, 'grad_norm': 0.8286605477333069, 'learning_rate': 2e-05, 'epoch': 0.21}
{'loss': 1.5687, 'grad_norm': 0.716590166091919, 'learning_rate': 2e-05, 'epoch': 0.21}
{'loss': 1.6261, 'grad_norm': 0.6770068407058716, 'learning_rate': 2e-05, 'epoch': 0.21}
{'loss': 1.646, 'grad_norm': 0.5695640444755554, 'learning_rate': 2e-05, 'epoch': 0.21}
{'loss': 1.7096, 'grad_norm': 0.6425336003303528, 'learning_rate': 2e-05, 'epoch': 0.21}
{'loss': 1.751, 'grad_norm': 0.5716310143470764, 'learning_rate': 2e-05, 'epoch': 0.21}
{'loss': 1.7285, 'grad_norm': 1.174899697303772, 'learning_rate': 2e-05, 'epoch': 0.21}
{'loss': 1.6217, 'grad_norm': 0.5064761638641357, 'learning_rate': 2e-05, 'epoch': 0.21}
{'loss': 1.9121, 'grad_norm': 3.355158805847168, 'learning_rate': 2e-05, 'epoch': 0.21}
{'loss': 1.7187, 'grad_norm': 1.474010705947876, 'learning_rate': 2e-05, 'epoch': 0.21}
{'loss': 1.6099, 'grad_norm': 0.6273134350776672, 'learning_rate': 2e-05, 'epoch': 0.21}
{'loss': 1.6842, 'grad_norm': 2.309009313583374, 'learning_rate': 2e-05, 'epoch': 0.21}
{'loss': 1.6307, 'grad_norm': 2.3193047046661377, 'learning_rate': 2e-05, 'epoch': 0.21}
{'loss': 1.4941, 'grad_norm': 0.9355664253234863, 'learning_rate': 2e-05, 'epoch': 0.21}
{'loss': 1.5836, 'grad_norm': 1.4130808115005493, 'learning_rate': 2e-05, 'epoch': 0.21}
{'loss': 1.6286, 'grad_norm': 1.2641746997833252, 'learning_rate': 2e-05, 'epoch': 0.21}
{'loss': 1.6988, 'grad_norm': 1.067530632019043, 'learning_rate': 2e-05, 'epoch': 0.21}
{'loss': 1.7041, 'grad_norm': 1.5571013689041138, 'learning_rate': 2e-05, 'epoch': 0.21}
{'loss': 1.6788, 'grad_norm': 0.8584978580474854, 'learning_rate': 2e-05, 'epoch': 0.21}
{'loss': 1.7868, 'grad_norm': 0.711526095867157, 'learning_rate': 2e-05, 'epoch': 0.21}
{'loss': 1.6703, 'grad_norm': 1.5105191469192505, 'learning_rate': 2e-05, 'epoch': 0.21}
{'loss': 1.6304, 'grad_norm': 1.0695550441741943, 'learning_rate': 2e-05, 'epoch': 0.21}
{'loss': 1.6197, 'grad_norm': 1.4492130279541016, 'learning_rate': 2e-05, 'epoch': 0.21}
{'loss': 1.5198, 'grad_norm': 1.5934484004974365, 'learning_rate': 2e-05, 'epoch': 0.21}
{'loss': 1.659, 'grad_norm': 0.7607980966567993, 'learning_rate': 2e-05, 'epoch': 0.21}
{'loss': 1.7366, 'grad_norm': 3.896434783935547, 'learning_rate': 2e-05, 'epoch': 0.21}
{'loss': 1.8274, 'grad_norm': 1.0781956911087036, 'learning_rate': 2e-05, 'epoch': 0.21}
{'loss': 1.6727, 'grad_norm': 2.2971270084381104, 'learning_rate': 2e-05, 'epoch': 0.21}
{'loss': 1.7496, 'grad_norm': 2.8892292976379395, 'learning_rate': 2e-05, 'epoch': 0.21}
{'loss': 1.5254, 'grad_norm': 2.2889866828918457, 'learning_rate': 2e-05, 'epoch': 0.22}
{'loss': 1.6594, 'grad_norm': 1.0497418642044067, 'learning_rate': 2e-05, 'epoch': 0.22}
{'loss': 1.5665, 'grad_norm': 0.7889901995658875, 'learning_rate': 2e-05, 'epoch': 0.22}
{'loss': 1.6598, 'grad_norm': 0.39231258630752563, 'learning_rate': 2e-05, 'epoch': 0.22}
{'loss': 1.6289, 'grad_norm': 0.4895188510417938, 'learning_rate': 2e-05, 'epoch': 0.22}
{'loss': 1.7727, 'grad_norm': 0.6644068956375122, 'learning_rate': 2e-05, 'epoch': 0.22}
{'loss': 1.6565, 'grad_norm': 0.28077012300491333, 'learning_rate': 2e-05, 'epoch': 0.22}
{'loss': 1.6275, 'grad_norm': 0.7597994208335876, 'learning_rate': 2e-05, 'epoch': 0.22}
{'loss': 1.6286, 'grad_norm': 1.0955504179000854, 'learning_rate': 2e-05, 'epoch': 0.22}
{'loss': 1.7995, 'grad_norm': 0.7842581272125244, 'learning_rate': 2e-05, 'epoch': 0.22}
{'loss': 1.7299, 'grad_norm': 1.0550144910812378, 'learning_rate': 2e-05, 'epoch': 0.22}
{'loss': 1.7081, 'grad_norm': 0.6188262104988098, 'learning_rate': 2e-05, 'epoch': 0.22}
{'loss': 1.662, 'grad_norm': 1.612756371498108, 'learning_rate': 2e-05, 'epoch': 0.22}
{'loss': 1.3266, 'grad_norm': 0.9731728434562683, 'learning_rate': 2e-05, 'epoch': 0.22}
{'loss': 1.6735, 'grad_norm': 1.0828046798706055, 'learning_rate': 2e-05, 'epoch': 0.22}
{'loss': 1.8002, 'grad_norm': 2.654205799102783, 'learning_rate': 2e-05, 'epoch': 0.22}
{'loss': 1.7615, 'grad_norm': 0.4276265501976013, 'learning_rate': 2e-05, 'epoch': 0.22}
{'loss': 1.5761, 'grad_norm': 0.7498976588249207, 'learning_rate': 2e-05, 'epoch': 0.22}
{'loss': 1.6195, 'grad_norm': 0.6593019366264343, 'learning_rate': 2e-05, 'epoch': 0.22}
{'loss': 1.689, 'grad_norm': 1.4757441282272339, 'learning_rate': 2e-05, 'epoch': 0.22}
{'loss': 1.3844, 'grad_norm': 1.7111340761184692, 'learning_rate': 2e-05, 'epoch': 0.22}
{'loss': 1.6922, 'grad_norm': 1.8968541622161865, 'learning_rate': 2e-05, 'epoch': 0.22}
{'loss': 1.1943, 'grad_norm': 1.998354434967041, 'learning_rate': 2e-05, 'epoch': 0.22}
{'loss': 1.6096, 'grad_norm': 1.42941153049469, 'learning_rate': 2e-05, 'epoch': 0.22}
{'loss': 1.6929, 'grad_norm': 1.1760673522949219, 'learning_rate': 2e-05, 'epoch': 0.22}
{'loss': 1.5926, 'grad_norm': 1.2952826023101807, 'learning_rate': 2e-05, 'epoch': 0.22}
{'loss': 1.7589, 'grad_norm': 1.2000315189361572, 'learning_rate': 2e-05, 'epoch': 0.22}
{'loss': 1.7321, 'grad_norm': 2.404920816421509, 'learning_rate': 2e-05, 'epoch': 0.22}
{'loss': 1.7334, 'grad_norm': 1.2712987661361694, 'learning_rate': 2e-05, 'epoch': 0.22}
{'loss': 1.595, 'grad_norm': 0.942618727684021, 'learning_rate': 2e-05, 'epoch': 0.22}
{'loss': 1.7139, 'grad_norm': 1.1862200498580933, 'learning_rate': 2e-05, 'epoch': 0.23}
{'loss': 1.6436, 'grad_norm': 0.8562889099121094, 'learning_rate': 2e-05, 'epoch': 0.23}
{'loss': 1.728, 'grad_norm': 1.0066323280334473, 'learning_rate': 2e-05, 'epoch': 0.23}
{'loss': 1.0014, 'grad_norm': 1.5073022842407227, 'learning_rate': 2e-05, 'epoch': 0.23}
{'loss': 1.5787, 'grad_norm': 0.5266212224960327, 'learning_rate': 2e-05, 'epoch': 0.23}
{'loss': 1.9013, 'grad_norm': 2.3699734210968018, 'learning_rate': 2e-05, 'epoch': 0.23}
{'loss': 1.6068, 'grad_norm': 0.9621454477310181, 'learning_rate': 2e-05, 'epoch': 0.23}
{'loss': 1.6031, 'grad_norm': 0.6092508435249329, 'learning_rate': 2e-05, 'epoch': 0.23}
{'loss': 1.658, 'grad_norm': 0.9716521501541138, 'learning_rate': 2e-05, 'epoch': 0.23}
{'loss': 1.6927, 'grad_norm': 0.8478501439094543, 'learning_rate': 2e-05, 'epoch': 0.23}
{'loss': 1.6692, 'grad_norm': 0.7319343090057373, 'learning_rate': 2e-05, 'epoch': 0.23}
{'loss': 1.8727, 'grad_norm': 2.2618696689605713, 'learning_rate': 2e-05, 'epoch': 0.23}
{'loss': 1.7295, 'grad_norm': 0.5842664241790771, 'learning_rate': 2e-05, 'epoch': 0.23}
{'loss': 1.7706, 'grad_norm': 0.8597796559333801, 'learning_rate': 2e-05, 'epoch': 0.23}
{'loss': 1.3423, 'grad_norm': 1.0185693502426147, 'learning_rate': 2e-05, 'epoch': 0.23}
{'loss': 1.7306, 'grad_norm': 1.0867714881896973, 'learning_rate': 2e-05, 'epoch': 0.23}
{'loss': 1.8131, 'grad_norm': 2.2747650146484375, 'learning_rate': 2e-05, 'epoch': 0.23}
{'loss': 1.8627, 'grad_norm': 2.479829788208008, 'learning_rate': 2e-05, 'epoch': 0.23}
{'loss': 1.6402, 'grad_norm': 1.4275689125061035, 'learning_rate': 2e-05, 'epoch': 0.23}
{'loss': 1.7093, 'grad_norm': 1.8970385789871216, 'learning_rate': 2e-05, 'epoch': 0.23}
{'loss': 1.7995, 'grad_norm': 1.1314079761505127, 'learning_rate': 2e-05, 'epoch': 0.23}
{'loss': 1.7492, 'grad_norm': 2.1156511306762695, 'learning_rate': 2e-05, 'epoch': 0.23}
{'loss': 1.5629, 'grad_norm': 0.9284605979919434, 'learning_rate': 2e-05, 'epoch': 0.23}
{'loss': 1.6526, 'grad_norm': 1.598293662071228, 'learning_rate': 2e-05, 'epoch': 0.23}
{'loss': 1.701, 'grad_norm': 1.293987512588501, 'learning_rate': 2e-05, 'epoch': 0.23}
{'loss': 1.5805, 'grad_norm': 0.8184500336647034, 'learning_rate': 2e-05, 'epoch': 0.23}
{'loss': 1.3173, 'grad_norm': 2.047933340072632, 'learning_rate': 2e-05, 'epoch': 0.23}
{'loss': 1.624, 'grad_norm': 0.5078737735748291, 'learning_rate': 2e-05, 'epoch': 0.23}
{'loss': 1.1919, 'grad_norm': 3.8299331665039062, 'learning_rate': 2e-05, 'epoch': 0.23}
{'loss': 1.635, 'grad_norm': 2.6870932579040527, 'learning_rate': 2e-05, 'epoch': 0.23}
{'loss': 1.6184, 'grad_norm': 0.9241167902946472, 'learning_rate': 2e-05, 'epoch': 0.24}
{'loss': 1.7803, 'grad_norm': 0.7944473624229431, 'learning_rate': 2e-05, 'epoch': 0.24}
{'loss': 1.5734, 'grad_norm': 1.945731282234192, 'learning_rate': 2e-05, 'epoch': 0.24}
{'loss': 1.6021, 'grad_norm': 1.0293554067611694, 'learning_rate': 2e-05, 'epoch': 0.24}
{'loss': 1.6542, 'grad_norm': 1.5494030714035034, 'learning_rate': 2e-05, 'epoch': 0.24}
{'loss': 1.4705, 'grad_norm': 1.8797688484191895, 'learning_rate': 2e-05, 'epoch': 0.24}
{'loss': 1.675, 'grad_norm': 0.6947477459907532, 'learning_rate': 2e-05, 'epoch': 0.24}
{'loss': 1.6589, 'grad_norm': 0.5554807782173157, 'learning_rate': 2e-05, 'epoch': 0.24}
{'loss': 1.6518, 'grad_norm': 1.3563578128814697, 'learning_rate': 2e-05, 'epoch': 0.24}
{'loss': 1.6908, 'grad_norm': 1.6348434686660767, 'learning_rate': 2e-05, 'epoch': 0.24}
{'loss': 1.6494, 'grad_norm': 0.622685432434082, 'learning_rate': 2e-05, 'epoch': 0.24}
{'loss': 1.6883, 'grad_norm': 0.709645688533783, 'learning_rate': 2e-05, 'epoch': 0.24}
{'loss': 1.5863, 'grad_norm': 1.4947731494903564, 'learning_rate': 2e-05, 'epoch': 0.24}
{'loss': 1.4213, 'grad_norm': 1.664307713508606, 'learning_rate': 2e-05, 'epoch': 0.24}
{'loss': 1.7524, 'grad_norm': 1.6557036638259888, 'learning_rate': 2e-05, 'epoch': 0.24}
{'loss': 1.6992, 'grad_norm': 1.7237458229064941, 'learning_rate': 2e-05, 'epoch': 0.24}
{'loss': 1.7781, 'grad_norm': 1.6681605577468872, 'learning_rate': 2e-05, 'epoch': 0.24}
{'loss': 1.6648, 'grad_norm': 0.843610405921936, 'learning_rate': 2e-05, 'epoch': 0.24}
{'loss': 1.6098, 'grad_norm': 0.76336669921875, 'learning_rate': 2e-05, 'epoch': 0.24}
{'loss': 1.5869, 'grad_norm': 1.0980416536331177, 'learning_rate': 2e-05, 'epoch': 0.24}
{'loss': 1.7715, 'grad_norm': 0.710303544998169, 'learning_rate': 2e-05, 'epoch': 0.24}
{'loss': 1.7902, 'grad_norm': 0.6899144649505615, 'learning_rate': 2e-05, 'epoch': 0.24}
{'loss': 1.6426, 'grad_norm': 1.61618173122406, 'learning_rate': 2e-05, 'epoch': 0.24}
{'loss': 1.7264, 'grad_norm': 1.772799015045166, 'learning_rate': 2e-05, 'epoch': 0.24}
{'loss': 1.6301, 'grad_norm': 1.2271980047225952, 'learning_rate': 2e-05, 'epoch': 0.24}
{'loss': 1.6141, 'grad_norm': 0.8872497081756592, 'learning_rate': 2e-05, 'epoch': 0.24}
{'loss': 1.5688, 'grad_norm': 1.2808992862701416, 'learning_rate': 2e-05, 'epoch': 0.24}
{'loss': 1.6435, 'grad_norm': 0.8599493503570557, 'learning_rate': 2e-05, 'epoch': 0.24}
{'loss': 1.6985, 'grad_norm': 2.655580520629883, 'learning_rate': 2e-05, 'epoch': 0.24}
{'loss': 1.6588, 'grad_norm': 2.506199836730957, 'learning_rate': 2e-05, 'epoch': 0.24}
{'loss': 1.5528, 'grad_norm': 1.890750765800476, 'learning_rate': 2e-05, 'epoch': 0.25}
{'loss': 1.7565, 'grad_norm': 1.7071996927261353, 'learning_rate': 2e-05, 'epoch': 0.25}
{'loss': 1.6587, 'grad_norm': 1.5770944356918335, 'learning_rate': 2e-05, 'epoch': 0.25}
{'loss': 1.872, 'grad_norm': 1.6689971685409546, 'learning_rate': 2e-05, 'epoch': 0.25}
{'loss': 1.606, 'grad_norm': 1.6977618932724, 'learning_rate': 2e-05, 'epoch': 0.25}
{'loss': 1.6529, 'grad_norm': 1.041192889213562, 'learning_rate': 2e-05, 'epoch': 0.25}
{'loss': 1.636, 'grad_norm': 0.6787112951278687, 'learning_rate': 2e-05, 'epoch': 0.25}
{'loss': 1.7542, 'grad_norm': 0.7979467511177063, 'learning_rate': 2e-05, 'epoch': 0.25}
{'loss': 1.7117, 'grad_norm': 0.8831880688667297, 'learning_rate': 2e-05, 'epoch': 0.25}
{'loss': 1.702, 'grad_norm': 1.1139878034591675, 'learning_rate': 2e-05, 'epoch': 0.25}
{'loss': 1.6245, 'grad_norm': 1.1141612529754639, 'learning_rate': 2e-05, 'epoch': 0.25}
{'loss': 1.6477, 'grad_norm': 0.8424637317657471, 'learning_rate': 2e-05, 'epoch': 0.25}
{'loss': 1.5481, 'grad_norm': 1.2286462783813477, 'learning_rate': 2e-05, 'epoch': 0.25}
{'loss': 1.765, 'grad_norm': 0.6036856174468994, 'learning_rate': 2e-05, 'epoch': 0.25}
{'loss': 1.7309, 'grad_norm': 0.5065024495124817, 'learning_rate': 2e-05, 'epoch': 0.25}
{'loss': 1.6143, 'grad_norm': 1.353729486465454, 'learning_rate': 2e-05, 'epoch': 0.25}
{'loss': 1.6668, 'grad_norm': 0.39063552021980286, 'learning_rate': 2e-05, 'epoch': 0.25}
{'loss': 1.549, 'grad_norm': 1.697664737701416, 'learning_rate': 2e-05, 'epoch': 0.25}
{'loss': 1.8244, 'grad_norm': 1.8757035732269287, 'learning_rate': 2e-05, 'epoch': 0.25}
{'loss': 1.6485, 'grad_norm': 1.048923373222351, 'learning_rate': 2e-05, 'epoch': 0.25}
{'loss': 1.5694, 'grad_norm': 0.7509924173355103, 'learning_rate': 2e-05, 'epoch': 0.25}
{'loss': 1.7635, 'grad_norm': 0.6940962076187134, 'learning_rate': 2e-05, 'epoch': 0.25}
{'loss': 1.7102, 'grad_norm': 1.1849088668823242, 'learning_rate': 2e-05, 'epoch': 0.25}
{'loss': 1.6123, 'grad_norm': 0.9084078073501587, 'learning_rate': 2e-05, 'epoch': 0.25}
{'loss': 1.6643, 'grad_norm': 0.590152382850647, 'learning_rate': 2e-05, 'epoch': 0.25}
{'loss': 1.5649, 'grad_norm': 0.5713896751403809, 'learning_rate': 2e-05, 'epoch': 0.25}
{'loss': 1.6587, 'grad_norm': 1.2746226787567139, 'learning_rate': 2e-05, 'epoch': 0.25}
{'loss': 1.615, 'grad_norm': 0.4365304112434387, 'learning_rate': 2e-05, 'epoch': 0.25}
{'loss': 1.7303, 'grad_norm': 0.8829258680343628, 'learning_rate': 2e-05, 'epoch': 0.25}
{'loss': 1.8004, 'grad_norm': 0.8448567986488342, 'learning_rate': 2e-05, 'epoch': 0.25}
{'loss': 1.6717, 'grad_norm': 0.9911444187164307, 'learning_rate': 2e-05, 'epoch': 0.26}
{'loss': 1.6803, 'grad_norm': 0.8327839970588684, 'learning_rate': 2e-05, 'epoch': 0.26}
{'loss': 1.7393, 'grad_norm': 1.0425349473953247, 'learning_rate': 2e-05, 'epoch': 0.26}
{'loss': 1.6903, 'grad_norm': 2.1125266551971436, 'learning_rate': 2e-05, 'epoch': 0.26}
{'loss': 1.7084, 'grad_norm': 1.2668094635009766, 'learning_rate': 2e-05, 'epoch': 0.26}
{'loss': 1.6709, 'grad_norm': 1.2639846801757812, 'learning_rate': 2e-05, 'epoch': 0.26}
{'loss': 1.5745, 'grad_norm': 1.178297519683838, 'learning_rate': 2e-05, 'epoch': 0.26}
{'loss': 1.8672, 'grad_norm': 1.7196067571640015, 'learning_rate': 2e-05, 'epoch': 0.26}
{'loss': 1.603, 'grad_norm': 1.5733850002288818, 'learning_rate': 2e-05, 'epoch': 0.26}
{'loss': 1.3618, 'grad_norm': 1.9717036485671997, 'learning_rate': 2e-05, 'epoch': 0.26}
{'loss': 1.7375, 'grad_norm': 1.5874180793762207, 'learning_rate': 2e-05, 'epoch': 0.26}
{'loss': 1.1389, 'grad_norm': 1.085546851158142, 'learning_rate': 2e-05, 'epoch': 0.26}
{'loss': 1.6596, 'grad_norm': 0.6310136914253235, 'learning_rate': 2e-05, 'epoch': 0.26}
{'loss': 1.562, 'grad_norm': 0.7515423893928528, 'learning_rate': 2e-05, 'epoch': 0.26}
{'loss': 1.7203, 'grad_norm': 0.8641549348831177, 'learning_rate': 2e-05, 'epoch': 0.26}
{'loss': 1.7586, 'grad_norm': 0.9188874959945679, 'learning_rate': 2e-05, 'epoch': 0.26}
{'loss': 1.6765, 'grad_norm': 1.6403591632843018, 'learning_rate': 2e-05, 'epoch': 0.26}
{'loss': 1.5566, 'grad_norm': 1.0829355716705322, 'learning_rate': 2e-05, 'epoch': 0.26}
{'loss': 1.6054, 'grad_norm': 2.0244882106781006, 'learning_rate': 2e-05, 'epoch': 0.26}
{'loss': 1.6331, 'grad_norm': 1.1177647113800049, 'learning_rate': 2e-05, 'epoch': 0.26}
{'loss': 1.5887, 'grad_norm': 0.8917210102081299, 'learning_rate': 2e-05, 'epoch': 0.26}
{'loss': 1.6464, 'grad_norm': 1.1885653734207153, 'learning_rate': 2e-05, 'epoch': 0.26}
{'loss': 1.6183, 'grad_norm': 0.9447208046913147, 'learning_rate': 2e-05, 'epoch': 0.26}
{'loss': 1.5919, 'grad_norm': 0.6600793600082397, 'learning_rate': 2e-05, 'epoch': 0.26}
{'loss': 1.4123, 'grad_norm': 0.9712616205215454, 'learning_rate': 2e-05, 'epoch': 0.26}
{'loss': 1.5824, 'grad_norm': 0.9826387166976929, 'learning_rate': 2e-05, 'epoch': 0.26}
{'loss': 1.6815, 'grad_norm': 1.6904979944229126, 'learning_rate': 2e-05, 'epoch': 0.26}
{'loss': 1.6232, 'grad_norm': 1.2890934944152832, 'learning_rate': 2e-05, 'epoch': 0.26}
{'loss': 1.5973, 'grad_norm': 0.823902428150177, 'learning_rate': 2e-05, 'epoch': 0.26}
{'loss': 1.5331, 'grad_norm': 1.3240302801132202, 'learning_rate': 2e-05, 'epoch': 0.26}
{'loss': 1.6092, 'grad_norm': 0.7940621972084045, 'learning_rate': 2e-05, 'epoch': 0.27}
{'loss': 1.6148, 'grad_norm': 0.6951743364334106, 'learning_rate': 2e-05, 'epoch': 0.27}
{'loss': 1.7199, 'grad_norm': 0.852701723575592, 'learning_rate': 2e-05, 'epoch': 0.27}
{'loss': 1.5561, 'grad_norm': 1.5383466482162476, 'learning_rate': 2e-05, 'epoch': 0.27}
{'loss': 1.6692, 'grad_norm': 1.6220859289169312, 'learning_rate': 2e-05, 'epoch': 0.27}
{'loss': 1.8626, 'grad_norm': 1.1465884447097778, 'learning_rate': 2e-05, 'epoch': 0.27}
{'train_runtime': 1108.9456, 'train_samples_per_second': 0.721, 'train_steps_per_second': 0.721, 'train_loss': 2.593658864200115, 'epoch': 0.27}
***** train metrics *****
  epoch                    =     0.2668
  total_flos               = 13571044GF
  train_loss               =     2.5937
  train_runtime            = 0:18:28.94
  train_samples_per_second =      0.721
  train_steps_per_second   =      0.721
*** Evaluate ***
***** eval metrics *****
  epoch                   =     0.2668
  eval_accuracy           =        nan
  eval_loss               =      1.747
  eval_runtime            = 0:01:51.15
  eval_samples_per_second =       1.34
  eval_steps_per_second   =      0.675
  perplexity              =     5.7374
***** eval metrics *****
  epoch                   =     0.2668
  eval_accuracy           =        nan
  eval_loss               =     2.0005
  eval_runtime            = 0:02:29.00
  eval_samples_per_second =      1.342
  eval_steps_per_second   =      0.671
  perplexity              =     7.3926
